#! /usr/bin/vvp
:ivl_version "11.0 (stable)";
:ivl_delay_selection "TYPICAL";
:vpi_time_precision + 0;
:vpi_module "/usr/lib/x86_64-linux-gnu/ivl/system.vpi";
:vpi_module "/usr/lib/x86_64-linux-gnu/ivl/vhdl_sys.vpi";
:vpi_module "/usr/lib/x86_64-linux-gnu/ivl/vhdl_textio.vpi";
:vpi_module "/usr/lib/x86_64-linux-gnu/ivl/v2005_math.vpi";
:vpi_module "/usr/lib/x86_64-linux-gnu/ivl/va_math.vpi";
S_0x60503156fea0 .scope module, "instruction_memory_tb" "instruction_memory_tb" 2 20;
 .timescale 0 0;
v0x605031587de0_0 .var "A", 8 0;
v0x605031587ea0_0 .net "I", 31 0, L_0x605031598d20;  1 drivers
S_0x605031570030 .scope module, "dut" "instruction_memory" 2 25, 2 2 0, S_0x60503156fea0;
 .timescale 0 0;
    .port_info 0 /INPUT 9 "A";
    .port_info 1 /OUTPUT 32 "I";
v0x605031535cf0_0 .net "A", 8 0, v0x605031587de0_0;  1 drivers
v0x605031586bf0_0 .net "I", 31 0, L_0x605031598d20;  alias, 1 drivers
v0x605031586cd0_0 .net *"_ivl_0", 7 0, L_0x605031587f70;  1 drivers
v0x605031586d90_0 .net *"_ivl_10", 7 0, L_0x6050315983d0;  1 drivers
v0x605031586e70_0 .net *"_ivl_12", 32 0, L_0x6050315984a0;  1 drivers
L_0x777c575360a8 .functor BUFT 1, C4<000000000000000000000000>, C4<0>, C4<0>, C4<0>;
v0x605031586fa0_0 .net *"_ivl_15", 23 0, L_0x777c575360a8;  1 drivers
L_0x777c575360f0 .functor BUFT 1, C4<000000000000000000000000000000010>, C4<0>, C4<0>, C4<0>;
v0x605031587080_0 .net/2u *"_ivl_16", 32 0, L_0x777c575360f0;  1 drivers
v0x605031587160_0 .net *"_ivl_18", 32 0, L_0x6050315985f0;  1 drivers
v0x605031587240_0 .net *"_ivl_2", 32 0, L_0x605031588070;  1 drivers
v0x605031587320_0 .net *"_ivl_20", 7 0, L_0x6050315987c0;  1 drivers
v0x605031587400_0 .net *"_ivl_22", 32 0, L_0x605031598860;  1 drivers
L_0x777c57536138 .functor BUFT 1, C4<000000000000000000000000>, C4<0>, C4<0>, C4<0>;
v0x6050315874e0_0 .net *"_ivl_25", 23 0, L_0x777c57536138;  1 drivers
L_0x777c57536180 .functor BUFT 1, C4<000000000000000000000000000000001>, C4<0>, C4<0>, C4<0>;
v0x6050315875c0_0 .net/2u *"_ivl_26", 32 0, L_0x777c57536180;  1 drivers
v0x6050315876a0_0 .net *"_ivl_28", 32 0, L_0x6050315989a0;  1 drivers
v0x605031587780_0 .net *"_ivl_30", 7 0, L_0x605031598b30;  1 drivers
v0x605031587860_0 .net *"_ivl_32", 10 0, L_0x605031598c30;  1 drivers
L_0x777c575361c8 .functor BUFT 1, C4<00>, C4<0>, C4<0>, C4<0>;
v0x605031587940_0 .net *"_ivl_35", 1 0, L_0x777c575361c8;  1 drivers
L_0x777c57536018 .functor BUFT 1, C4<000000000000000000000000>, C4<0>, C4<0>, C4<0>;
v0x605031587a20_0 .net *"_ivl_5", 23 0, L_0x777c57536018;  1 drivers
L_0x777c57536060 .functor BUFT 1, C4<000000000000000000000000000000011>, C4<0>, C4<0>, C4<0>;
v0x605031587b00_0 .net/2u *"_ivl_6", 32 0, L_0x777c57536060;  1 drivers
v0x605031587be0_0 .net *"_ivl_8", 32 0, L_0x6050315981d0;  1 drivers
v0x605031587cc0 .array "mem", 511 0, 7 0;
L_0x605031587f70 .array/port v0x605031587cc0, L_0x6050315981d0;
L_0x605031588070 .concat [ 9 24 0 0], v0x605031587de0_0, L_0x777c57536018;
L_0x6050315981d0 .arith/sum 33, L_0x605031588070, L_0x777c57536060;
L_0x6050315983d0 .array/port v0x605031587cc0, L_0x6050315985f0;
L_0x6050315984a0 .concat [ 9 24 0 0], v0x605031587de0_0, L_0x777c575360a8;
L_0x6050315985f0 .arith/sum 33, L_0x6050315984a0, L_0x777c575360f0;
L_0x6050315987c0 .array/port v0x605031587cc0, L_0x6050315989a0;
L_0x605031598860 .concat [ 9 24 0 0], v0x605031587de0_0, L_0x777c57536138;
L_0x6050315989a0 .arith/sum 33, L_0x605031598860, L_0x777c57536180;
L_0x605031598b30 .array/port v0x605031587cc0, L_0x605031598c30;
L_0x605031598c30 .concat [ 9 2 0 0], v0x605031587de0_0, L_0x777c575361c8;
L_0x605031598d20 .concat [ 8 8 8 8], L_0x605031598b30, L_0x6050315987c0, L_0x6050315983d0, L_0x605031587f70;
    .scope S_0x605031570030;
T_0 ;
    %vpi_call 2 14 "$readmemh", "instructions.txt", v0x605031587cc0 {0 0 0};
    %end;
    .thread T_0;
    .scope S_0x60503156fea0;
T_1 ;
    %vpi_call 2 32 "$display", "Address  Instruction" {0 0 0};
    %vpi_call 2 33 "$display", "-------------------" {0 0 0};
    %pushi/vec4 0, 0, 9;
    %store/vec4 v0x605031587de0_0, 0, 9;
    %delay 10, 0;
    %vpi_call 2 36 "$display", "   %2d    0x%h", v0x605031587de0_0, v0x605031587ea0_0 {0 0 0};
    %pushi/vec4 4, 0, 9;
    %store/vec4 v0x605031587de0_0, 0, 9;
    %delay 10, 0;
    %vpi_call 2 38 "$display", "   %2d    0x%h", v0x605031587de0_0, v0x605031587ea0_0 {0 0 0};
    %pushi/vec4 8, 0, 9;
    %store/vec4 v0x605031587de0_0, 0, 9;
    %delay 10, 0;
    %vpi_call 2 40 "$display", "   %2d    0x%h", v0x605031587de0_0, v0x605031587ea0_0 {0 0 0};
    %pushi/vec4 12, 0, 9;
    %store/vec4 v0x605031587de0_0, 0, 9;
    %delay 10, 0;
    %vpi_call 2 42 "$display", "   %2d    0x%h", v0x605031587de0_0, v0x605031587ea0_0 {0 0 0};
    %vpi_call 2 44 "$finish" {0 0 0};
    %end;
    .thread T_1;
# The file index is used to find the file name in the following table.
:file_names 3;
    "N/A";
    "<interactive>";
    "PF1_Casiano_Rosado_Francisco_rom.v";
