#! /usr/bin/vvp
:ivl_version "11.0 (stable)";
:ivl_delay_selection "TYPICAL";
:vpi_time_precision + 0;
:vpi_module "/usr/lib/x86_64-linux-gnu/ivl/system.vpi";
:vpi_module "/usr/lib/x86_64-linux-gnu/ivl/vhdl_sys.vpi";
:vpi_module "/usr/lib/x86_64-linux-gnu/ivl/vhdl_textio.vpi";
:vpi_module "/usr/lib/x86_64-linux-gnu/ivl/v2005_math.vpi";
:vpi_module "/usr/lib/x86_64-linux-gnu/ivl/va_math.vpi";
S_0x5e9c4c179940 .scope module, "SOH_tb" "SOH_tb" 2 25;
 .timescale 0 0;
v0x5e9c4c1a45d0_0 .net "N", 31 0, v0x5e9c4c152ba0_0;  1 drivers
v0x5e9c4c1a46b0_0 .var "PB", 31 0;
v0x5e9c4c1a4750_0 .var "PC", 31 0;
v0x5e9c4c1a4850_0 .var "S0", 0 0;
v0x5e9c4c1a4920_0 .var "S1", 0 0;
v0x5e9c4c1a49c0_0 .var "S2", 0 0;
v0x5e9c4c1a4a90_0 .var "counter", 2 0;
v0x5e9c4c1a4b30_0 .var "imm12_I", 11 0;
v0x5e9c4c1a4c00_0 .var "imm12_S", 11 0;
v0x5e9c4c1a4cd0_0 .var "imm20", 19 0;
S_0x5e9c4c18d050 .scope module, "uut" "SOH" 2 34, 2 1 0, S_0x5e9c4c179940;
 .timescale 0 0;
    .port_info 0 /INPUT 1 "S2";
    .port_info 1 /INPUT 1 "S1";
    .port_info 2 /INPUT 1 "S0";
    .port_info 3 /INPUT 32 "PB";
    .port_info 4 /INPUT 12 "imm12_I";
    .port_info 5 /INPUT 12 "imm12_S";
    .port_info 6 /INPUT 20 "imm20";
    .port_info 7 /INPUT 32 "PC";
    .port_info 8 /OUTPUT 32 "N";
v0x5e9c4c152ba0_0 .var "N", 31 0;
v0x5e9c4c1a3de0_0 .net "PB", 31 0, v0x5e9c4c1a46b0_0;  1 drivers
v0x5e9c4c1a3ec0_0 .net "PC", 31 0, v0x5e9c4c1a4750_0;  1 drivers
v0x5e9c4c1a3f80_0 .net "S0", 0 0, v0x5e9c4c1a4850_0;  1 drivers
v0x5e9c4c1a4040_0 .net "S1", 0 0, v0x5e9c4c1a4920_0;  1 drivers
v0x5e9c4c1a4150_0 .net "S2", 0 0, v0x5e9c4c1a49c0_0;  1 drivers
v0x5e9c4c1a4210_0 .net "imm12_I", 11 0, v0x5e9c4c1a4b30_0;  1 drivers
v0x5e9c4c1a42f0_0 .net "imm12_S", 11 0, v0x5e9c4c1a4c00_0;  1 drivers
v0x5e9c4c1a43d0_0 .net "imm20", 19 0, v0x5e9c4c1a4cd0_0;  1 drivers
E_0x5e9c4c151580/0 .event edge, v0x5e9c4c1a4150_0, v0x5e9c4c1a4040_0, v0x5e9c4c1a3f80_0, v0x5e9c4c1a3de0_0;
E_0x5e9c4c151580/1 .event edge, v0x5e9c4c1a4210_0, v0x5e9c4c1a42f0_0, v0x5e9c4c1a43d0_0, v0x5e9c4c1a3ec0_0;
E_0x5e9c4c151580 .event/or E_0x5e9c4c151580/0, E_0x5e9c4c151580/1;
    .scope S_0x5e9c4c18d050;
T_0 ;
    %wait E_0x5e9c4c151580;
    %pushi/vec4 0, 0, 32;
    %store/vec4 v0x5e9c4c152ba0_0, 0, 32;
    %load/vec4 v0x5e9c4c1a4150_0;
    %load/vec4 v0x5e9c4c1a4040_0;
    %concat/vec4; draw_concat_vec4
    %load/vec4 v0x5e9c4c1a3f80_0;
    %concat/vec4; draw_concat_vec4
    %dup/vec4;
    %pushi/vec4 0, 0, 3;
    %cmp/u;
    %jmp/1 T_0.0, 6;
    %dup/vec4;
    %pushi/vec4 1, 0, 3;
    %cmp/u;
    %jmp/1 T_0.1, 6;
    %dup/vec4;
    %pushi/vec4 2, 0, 3;
    %cmp/u;
    %jmp/1 T_0.2, 6;
    %dup/vec4;
    %pushi/vec4 3, 0, 3;
    %cmp/u;
    %jmp/1 T_0.3, 6;
    %dup/vec4;
    %pushi/vec4 4, 0, 3;
    %cmp/u;
    %jmp/1 T_0.4, 6;
    %jmp T_0.5;
T_0.0 ;
    %load/vec4 v0x5e9c4c1a3de0_0;
    %store/vec4 v0x5e9c4c152ba0_0, 0, 32;
    %jmp T_0.5;
T_0.1 ;
    %load/vec4 v0x5e9c4c1a4210_0;
    %parti/s 1, 11, 5;
    %replicate 20;
    %load/vec4 v0x5e9c4c1a4210_0;
    %concat/vec4; draw_concat_vec4
    %store/vec4 v0x5e9c4c152ba0_0, 0, 32;
    %jmp T_0.5;
T_0.2 ;
    %load/vec4 v0x5e9c4c1a42f0_0;
    %parti/s 1, 11, 5;
    %replicate 20;
    %load/vec4 v0x5e9c4c1a42f0_0;
    %concat/vec4; draw_concat_vec4
    %store/vec4 v0x5e9c4c152ba0_0, 0, 32;
    %jmp T_0.5;
T_0.3 ;
    %load/vec4 v0x5e9c4c1a43d0_0;
    %concati/vec4 0, 0, 12;
    %store/vec4 v0x5e9c4c152ba0_0, 0, 32;
    %jmp T_0.5;
T_0.4 ;
    %load/vec4 v0x5e9c4c1a3ec0_0;
    %store/vec4 v0x5e9c4c152ba0_0, 0, 32;
    %jmp T_0.5;
T_0.5 ;
    %pop/vec4 1;
    %jmp T_0;
    .thread T_0, $push;
    .scope S_0x5e9c4c179940;
T_1 ;
    %pushi/vec4 70385642, 0, 32;
    %store/vec4 v0x5e9c4c1a46b0_0, 0, 32;
    %pushi/vec4 3084, 0, 12;
    %store/vec4 v0x5e9c4c1a4b30_0, 0, 12;
    %pushi/vec4 1807, 0, 12;
    %store/vec4 v0x5e9c4c1a4c00_0, 0, 12;
    %pushi/vec4 967759, 0, 20;
    %store/vec4 v0x5e9c4c1a4cd0_0, 0, 20;
    %pushi/vec4 3291611114, 0, 32;
    %store/vec4 v0x5e9c4c1a4750_0, 0, 32;
    %vpi_call 2 55 "$display", "S2 S1 S0   N" {0 0 0};
    %vpi_call 2 56 "$display", "-------------------------------------------" {0 0 0};
    %vpi_call 2 59 "$monitor", "%b  %b  %b    %b", v0x5e9c4c1a49c0_0, v0x5e9c4c1a4920_0, v0x5e9c4c1a4850_0, v0x5e9c4c1a45d0_0 {0 0 0};
    %pushi/vec4 0, 0, 3;
    %store/vec4 v0x5e9c4c1a4a90_0, 0, 3;
T_1.0 ;
    %load/vec4 v0x5e9c4c1a4a90_0;
    %pad/u 32;
    %cmpi/u 5, 0, 32;
    %jmp/0xz T_1.1, 5;
    %load/vec4 v0x5e9c4c1a4a90_0;
    %split/vec4 1;
    %store/vec4 v0x5e9c4c1a4850_0, 0, 1;
    %split/vec4 1;
    %store/vec4 v0x5e9c4c1a4920_0, 0, 1;
    %store/vec4 v0x5e9c4c1a49c0_0, 0, 1;
    %delay 2, 0;
    %load/vec4 v0x5e9c4c1a4a90_0;
    %addi 1, 0, 3;
    %store/vec4 v0x5e9c4c1a4a90_0, 0, 3;
    %jmp T_1.0;
T_1.1 ;
    %vpi_call 2 69 "$finish" {0 0 0};
    %end;
    .thread T_1;
# The file index is used to find the file name in the following table.
:file_names 3;
    "N/A";
    "<interactive>";
    "PF1_Casiano_Rosado_Francisco_soh.v";
