#! /usr/bin/vvp
:ivl_version "11.0 (stable)";
:ivl_delay_selection "TYPICAL";
:vpi_time_precision + 0;
:vpi_module "/usr/lib/x86_64-linux-gnu/ivl/system.vpi";
:vpi_module "/usr/lib/x86_64-linux-gnu/ivl/vhdl_sys.vpi";
:vpi_module "/usr/lib/x86_64-linux-gnu/ivl/vhdl_textio.vpi";
:vpi_module "/usr/lib/x86_64-linux-gnu/ivl/v2005_math.vpi";
:vpi_module "/usr/lib/x86_64-linux-gnu/ivl/va_math.vpi";
S_0x5a60265d1880 .scope module, "data_memory_tb" "data_memory_tb" 2 48;
 .timescale 0 0;
v0x5a60265f86a0_0 .var "A", 8 0;
v0x5a60265f8780_0 .var "DI", 31 0;
v0x5a60265f8850_0 .net "DO", 31 0, v0x5a60265f2fe0_0;  1 drivers
v0x5a60265f8950_0 .var "E", 0 0;
v0x5a60265f8a20_0 .var "RW", 0 0;
v0x5a60265f8ac0_0 .var "SE", 0 0;
v0x5a60265f8b90_0 .var "Size", 1 0;
v0x5a60265f8c60_0 .var "clk", 0 0;
S_0x5a60265b2190 .scope module, "dut" "data_memory" 2 59, 2 2 0, S_0x5a60265d1880;
 .timescale 0 0;
    .port_info 0 /INPUT 1 "clk";
    .port_info 1 /INPUT 9 "A";
    .port_info 2 /INPUT 32 "DI";
    .port_info 3 /INPUT 2 "Size";
    .port_info 4 /INPUT 1 "RW";
    .port_info 5 /INPUT 1 "E";
    .port_info 6 /INPUT 1 "SE";
    .port_info 7 /OUTPUT 32 "DO";
v0x5a6026573ba0_0 .net "A", 8 0, v0x5a60265f86a0_0;  1 drivers
v0x5a60265f2f00_0 .net "DI", 31 0, v0x5a60265f8780_0;  1 drivers
v0x5a60265f2fe0_0 .var "DO", 31 0;
v0x5a60265f30a0_0 .net "E", 0 0, v0x5a60265f8950_0;  1 drivers
v0x5a60265f3160_0 .net "RW", 0 0, v0x5a60265f8a20_0;  1 drivers
v0x5a60265f3270_0 .net "SE", 0 0, v0x5a60265f8ac0_0;  1 drivers
v0x5a60265f3330_0 .net "Size", 1 0, v0x5a60265f8b90_0;  1 drivers
v0x5a60265f3410_0 .net "clk", 0 0, v0x5a60265f8c60_0;  1 drivers
v0x5a60265f34d0 .array "mem", 511 0, 7 0;
E_0x5a60265722d0 .event posedge, v0x5a60265f3410_0;
E_0x5a60265ac0b0/0 .event edge, v0x5a60265f3160_0, v0x5a60265f30a0_0, v0x5a60265f3330_0, v0x5a60265f3270_0;
v0x5a60265f34d0_0 .array/port v0x5a60265f34d0, 0;
v0x5a60265f34d0_1 .array/port v0x5a60265f34d0, 1;
v0x5a60265f34d0_2 .array/port v0x5a60265f34d0, 2;
E_0x5a60265ac0b0/1 .event edge, v0x5a6026573ba0_0, v0x5a60265f34d0_0, v0x5a60265f34d0_1, v0x5a60265f34d0_2;
v0x5a60265f34d0_3 .array/port v0x5a60265f34d0, 3;
v0x5a60265f34d0_4 .array/port v0x5a60265f34d0, 4;
v0x5a60265f34d0_5 .array/port v0x5a60265f34d0, 5;
v0x5a60265f34d0_6 .array/port v0x5a60265f34d0, 6;
E_0x5a60265ac0b0/2 .event edge, v0x5a60265f34d0_3, v0x5a60265f34d0_4, v0x5a60265f34d0_5, v0x5a60265f34d0_6;
v0x5a60265f34d0_7 .array/port v0x5a60265f34d0, 7;
v0x5a60265f34d0_8 .array/port v0x5a60265f34d0, 8;
v0x5a60265f34d0_9 .array/port v0x5a60265f34d0, 9;
v0x5a60265f34d0_10 .array/port v0x5a60265f34d0, 10;
E_0x5a60265ac0b0/3 .event edge, v0x5a60265f34d0_7, v0x5a60265f34d0_8, v0x5a60265f34d0_9, v0x5a60265f34d0_10;
v0x5a60265f34d0_11 .array/port v0x5a60265f34d0, 11;
v0x5a60265f34d0_12 .array/port v0x5a60265f34d0, 12;
v0x5a60265f34d0_13 .array/port v0x5a60265f34d0, 13;
v0x5a60265f34d0_14 .array/port v0x5a60265f34d0, 14;
E_0x5a60265ac0b0/4 .event edge, v0x5a60265f34d0_11, v0x5a60265f34d0_12, v0x5a60265f34d0_13, v0x5a60265f34d0_14;
v0x5a60265f34d0_15 .array/port v0x5a60265f34d0, 15;
v0x5a60265f34d0_16 .array/port v0x5a60265f34d0, 16;
v0x5a60265f34d0_17 .array/port v0x5a60265f34d0, 17;
v0x5a60265f34d0_18 .array/port v0x5a60265f34d0, 18;
E_0x5a60265ac0b0/5 .event edge, v0x5a60265f34d0_15, v0x5a60265f34d0_16, v0x5a60265f34d0_17, v0x5a60265f34d0_18;
v0x5a60265f34d0_19 .array/port v0x5a60265f34d0, 19;
v0x5a60265f34d0_20 .array/port v0x5a60265f34d0, 20;
v0x5a60265f34d0_21 .array/port v0x5a60265f34d0, 21;
v0x5a60265f34d0_22 .array/port v0x5a60265f34d0, 22;
E_0x5a60265ac0b0/6 .event edge, v0x5a60265f34d0_19, v0x5a60265f34d0_20, v0x5a60265f34d0_21, v0x5a60265f34d0_22;
v0x5a60265f34d0_23 .array/port v0x5a60265f34d0, 23;
v0x5a60265f34d0_24 .array/port v0x5a60265f34d0, 24;
v0x5a60265f34d0_25 .array/port v0x5a60265f34d0, 25;
v0x5a60265f34d0_26 .array/port v0x5a60265f34d0, 26;
E_0x5a60265ac0b0/7 .event edge, v0x5a60265f34d0_23, v0x5a60265f34d0_24, v0x5a60265f34d0_25, v0x5a60265f34d0_26;
v0x5a60265f34d0_27 .array/port v0x5a60265f34d0, 27;
v0x5a60265f34d0_28 .array/port v0x5a60265f34d0, 28;
v0x5a60265f34d0_29 .array/port v0x5a60265f34d0, 29;
v0x5a60265f34d0_30 .array/port v0x5a60265f34d0, 30;
E_0x5a60265ac0b0/8 .event edge, v0x5a60265f34d0_27, v0x5a60265f34d0_28, v0x5a60265f34d0_29, v0x5a60265f34d0_30;
v0x5a60265f34d0_31 .array/port v0x5a60265f34d0, 31;
v0x5a60265f34d0_32 .array/port v0x5a60265f34d0, 32;
v0x5a60265f34d0_33 .array/port v0x5a60265f34d0, 33;
v0x5a60265f34d0_34 .array/port v0x5a60265f34d0, 34;
E_0x5a60265ac0b0/9 .event edge, v0x5a60265f34d0_31, v0x5a60265f34d0_32, v0x5a60265f34d0_33, v0x5a60265f34d0_34;
v0x5a60265f34d0_35 .array/port v0x5a60265f34d0, 35;
v0x5a60265f34d0_36 .array/port v0x5a60265f34d0, 36;
v0x5a60265f34d0_37 .array/port v0x5a60265f34d0, 37;
v0x5a60265f34d0_38 .array/port v0x5a60265f34d0, 38;
E_0x5a60265ac0b0/10 .event edge, v0x5a60265f34d0_35, v0x5a60265f34d0_36, v0x5a60265f34d0_37, v0x5a60265f34d0_38;
v0x5a60265f34d0_39 .array/port v0x5a60265f34d0, 39;
v0x5a60265f34d0_40 .array/port v0x5a60265f34d0, 40;
v0x5a60265f34d0_41 .array/port v0x5a60265f34d0, 41;
v0x5a60265f34d0_42 .array/port v0x5a60265f34d0, 42;
E_0x5a60265ac0b0/11 .event edge, v0x5a60265f34d0_39, v0x5a60265f34d0_40, v0x5a60265f34d0_41, v0x5a60265f34d0_42;
v0x5a60265f34d0_43 .array/port v0x5a60265f34d0, 43;
v0x5a60265f34d0_44 .array/port v0x5a60265f34d0, 44;
v0x5a60265f34d0_45 .array/port v0x5a60265f34d0, 45;
v0x5a60265f34d0_46 .array/port v0x5a60265f34d0, 46;
E_0x5a60265ac0b0/12 .event edge, v0x5a60265f34d0_43, v0x5a60265f34d0_44, v0x5a60265f34d0_45, v0x5a60265f34d0_46;
v0x5a60265f34d0_47 .array/port v0x5a60265f34d0, 47;
v0x5a60265f34d0_48 .array/port v0x5a60265f34d0, 48;
v0x5a60265f34d0_49 .array/port v0x5a60265f34d0, 49;
v0x5a60265f34d0_50 .array/port v0x5a60265f34d0, 50;
E_0x5a60265ac0b0/13 .event edge, v0x5a60265f34d0_47, v0x5a60265f34d0_48, v0x5a60265f34d0_49, v0x5a60265f34d0_50;
v0x5a60265f34d0_51 .array/port v0x5a60265f34d0, 51;
v0x5a60265f34d0_52 .array/port v0x5a60265f34d0, 52;
v0x5a60265f34d0_53 .array/port v0x5a60265f34d0, 53;
v0x5a60265f34d0_54 .array/port v0x5a60265f34d0, 54;
E_0x5a60265ac0b0/14 .event edge, v0x5a60265f34d0_51, v0x5a60265f34d0_52, v0x5a60265f34d0_53, v0x5a60265f34d0_54;
v0x5a60265f34d0_55 .array/port v0x5a60265f34d0, 55;
v0x5a60265f34d0_56 .array/port v0x5a60265f34d0, 56;
v0x5a60265f34d0_57 .array/port v0x5a60265f34d0, 57;
v0x5a60265f34d0_58 .array/port v0x5a60265f34d0, 58;
E_0x5a60265ac0b0/15 .event edge, v0x5a60265f34d0_55, v0x5a60265f34d0_56, v0x5a60265f34d0_57, v0x5a60265f34d0_58;
v0x5a60265f34d0_59 .array/port v0x5a60265f34d0, 59;
v0x5a60265f34d0_60 .array/port v0x5a60265f34d0, 60;
v0x5a60265f34d0_61 .array/port v0x5a60265f34d0, 61;
v0x5a60265f34d0_62 .array/port v0x5a60265f34d0, 62;
E_0x5a60265ac0b0/16 .event edge, v0x5a60265f34d0_59, v0x5a60265f34d0_60, v0x5a60265f34d0_61, v0x5a60265f34d0_62;
v0x5a60265f34d0_63 .array/port v0x5a60265f34d0, 63;
v0x5a60265f34d0_64 .array/port v0x5a60265f34d0, 64;
v0x5a60265f34d0_65 .array/port v0x5a60265f34d0, 65;
v0x5a60265f34d0_66 .array/port v0x5a60265f34d0, 66;
E_0x5a60265ac0b0/17 .event edge, v0x5a60265f34d0_63, v0x5a60265f34d0_64, v0x5a60265f34d0_65, v0x5a60265f34d0_66;
v0x5a60265f34d0_67 .array/port v0x5a60265f34d0, 67;
v0x5a60265f34d0_68 .array/port v0x5a60265f34d0, 68;
v0x5a60265f34d0_69 .array/port v0x5a60265f34d0, 69;
v0x5a60265f34d0_70 .array/port v0x5a60265f34d0, 70;
E_0x5a60265ac0b0/18 .event edge, v0x5a60265f34d0_67, v0x5a60265f34d0_68, v0x5a60265f34d0_69, v0x5a60265f34d0_70;
v0x5a60265f34d0_71 .array/port v0x5a60265f34d0, 71;
v0x5a60265f34d0_72 .array/port v0x5a60265f34d0, 72;
v0x5a60265f34d0_73 .array/port v0x5a60265f34d0, 73;
v0x5a60265f34d0_74 .array/port v0x5a60265f34d0, 74;
E_0x5a60265ac0b0/19 .event edge, v0x5a60265f34d0_71, v0x5a60265f34d0_72, v0x5a60265f34d0_73, v0x5a60265f34d0_74;
v0x5a60265f34d0_75 .array/port v0x5a60265f34d0, 75;
v0x5a60265f34d0_76 .array/port v0x5a60265f34d0, 76;
v0x5a60265f34d0_77 .array/port v0x5a60265f34d0, 77;
v0x5a60265f34d0_78 .array/port v0x5a60265f34d0, 78;
E_0x5a60265ac0b0/20 .event edge, v0x5a60265f34d0_75, v0x5a60265f34d0_76, v0x5a60265f34d0_77, v0x5a60265f34d0_78;
v0x5a60265f34d0_79 .array/port v0x5a60265f34d0, 79;
v0x5a60265f34d0_80 .array/port v0x5a60265f34d0, 80;
v0x5a60265f34d0_81 .array/port v0x5a60265f34d0, 81;
v0x5a60265f34d0_82 .array/port v0x5a60265f34d0, 82;
E_0x5a60265ac0b0/21 .event edge, v0x5a60265f34d0_79, v0x5a60265f34d0_80, v0x5a60265f34d0_81, v0x5a60265f34d0_82;
v0x5a60265f34d0_83 .array/port v0x5a60265f34d0, 83;
v0x5a60265f34d0_84 .array/port v0x5a60265f34d0, 84;
v0x5a60265f34d0_85 .array/port v0x5a60265f34d0, 85;
v0x5a60265f34d0_86 .array/port v0x5a60265f34d0, 86;
E_0x5a60265ac0b0/22 .event edge, v0x5a60265f34d0_83, v0x5a60265f34d0_84, v0x5a60265f34d0_85, v0x5a60265f34d0_86;
v0x5a60265f34d0_87 .array/port v0x5a60265f34d0, 87;
v0x5a60265f34d0_88 .array/port v0x5a60265f34d0, 88;
v0x5a60265f34d0_89 .array/port v0x5a60265f34d0, 89;
v0x5a60265f34d0_90 .array/port v0x5a60265f34d0, 90;
E_0x5a60265ac0b0/23 .event edge, v0x5a60265f34d0_87, v0x5a60265f34d0_88, v0x5a60265f34d0_89, v0x5a60265f34d0_90;
v0x5a60265f34d0_91 .array/port v0x5a60265f34d0, 91;
v0x5a60265f34d0_92 .array/port v0x5a60265f34d0, 92;
v0x5a60265f34d0_93 .array/port v0x5a60265f34d0, 93;
v0x5a60265f34d0_94 .array/port v0x5a60265f34d0, 94;
E_0x5a60265ac0b0/24 .event edge, v0x5a60265f34d0_91, v0x5a60265f34d0_92, v0x5a60265f34d0_93, v0x5a60265f34d0_94;
v0x5a60265f34d0_95 .array/port v0x5a60265f34d0, 95;
v0x5a60265f34d0_96 .array/port v0x5a60265f34d0, 96;
v0x5a60265f34d0_97 .array/port v0x5a60265f34d0, 97;
v0x5a60265f34d0_98 .array/port v0x5a60265f34d0, 98;
E_0x5a60265ac0b0/25 .event edge, v0x5a60265f34d0_95, v0x5a60265f34d0_96, v0x5a60265f34d0_97, v0x5a60265f34d0_98;
v0x5a60265f34d0_99 .array/port v0x5a60265f34d0, 99;
v0x5a60265f34d0_100 .array/port v0x5a60265f34d0, 100;
v0x5a60265f34d0_101 .array/port v0x5a60265f34d0, 101;
v0x5a60265f34d0_102 .array/port v0x5a60265f34d0, 102;
E_0x5a60265ac0b0/26 .event edge, v0x5a60265f34d0_99, v0x5a60265f34d0_100, v0x5a60265f34d0_101, v0x5a60265f34d0_102;
v0x5a60265f34d0_103 .array/port v0x5a60265f34d0, 103;
v0x5a60265f34d0_104 .array/port v0x5a60265f34d0, 104;
v0x5a60265f34d0_105 .array/port v0x5a60265f34d0, 105;
v0x5a60265f34d0_106 .array/port v0x5a60265f34d0, 106;
E_0x5a60265ac0b0/27 .event edge, v0x5a60265f34d0_103, v0x5a60265f34d0_104, v0x5a60265f34d0_105, v0x5a60265f34d0_106;
v0x5a60265f34d0_107 .array/port v0x5a60265f34d0, 107;
v0x5a60265f34d0_108 .array/port v0x5a60265f34d0, 108;
v0x5a60265f34d0_109 .array/port v0x5a60265f34d0, 109;
v0x5a60265f34d0_110 .array/port v0x5a60265f34d0, 110;
E_0x5a60265ac0b0/28 .event edge, v0x5a60265f34d0_107, v0x5a60265f34d0_108, v0x5a60265f34d0_109, v0x5a60265f34d0_110;
v0x5a60265f34d0_111 .array/port v0x5a60265f34d0, 111;
v0x5a60265f34d0_112 .array/port v0x5a60265f34d0, 112;
v0x5a60265f34d0_113 .array/port v0x5a60265f34d0, 113;
v0x5a60265f34d0_114 .array/port v0x5a60265f34d0, 114;
E_0x5a60265ac0b0/29 .event edge, v0x5a60265f34d0_111, v0x5a60265f34d0_112, v0x5a60265f34d0_113, v0x5a60265f34d0_114;
v0x5a60265f34d0_115 .array/port v0x5a60265f34d0, 115;
v0x5a60265f34d0_116 .array/port v0x5a60265f34d0, 116;
v0x5a60265f34d0_117 .array/port v0x5a60265f34d0, 117;
v0x5a60265f34d0_118 .array/port v0x5a60265f34d0, 118;
E_0x5a60265ac0b0/30 .event edge, v0x5a60265f34d0_115, v0x5a60265f34d0_116, v0x5a60265f34d0_117, v0x5a60265f34d0_118;
v0x5a60265f34d0_119 .array/port v0x5a60265f34d0, 119;
v0x5a60265f34d0_120 .array/port v0x5a60265f34d0, 120;
v0x5a60265f34d0_121 .array/port v0x5a60265f34d0, 121;
v0x5a60265f34d0_122 .array/port v0x5a60265f34d0, 122;
E_0x5a60265ac0b0/31 .event edge, v0x5a60265f34d0_119, v0x5a60265f34d0_120, v0x5a60265f34d0_121, v0x5a60265f34d0_122;
v0x5a60265f34d0_123 .array/port v0x5a60265f34d0, 123;
v0x5a60265f34d0_124 .array/port v0x5a60265f34d0, 124;
v0x5a60265f34d0_125 .array/port v0x5a60265f34d0, 125;
v0x5a60265f34d0_126 .array/port v0x5a60265f34d0, 126;
E_0x5a60265ac0b0/32 .event edge, v0x5a60265f34d0_123, v0x5a60265f34d0_124, v0x5a60265f34d0_125, v0x5a60265f34d0_126;
v0x5a60265f34d0_127 .array/port v0x5a60265f34d0, 127;
v0x5a60265f34d0_128 .array/port v0x5a60265f34d0, 128;
v0x5a60265f34d0_129 .array/port v0x5a60265f34d0, 129;
v0x5a60265f34d0_130 .array/port v0x5a60265f34d0, 130;
E_0x5a60265ac0b0/33 .event edge, v0x5a60265f34d0_127, v0x5a60265f34d0_128, v0x5a60265f34d0_129, v0x5a60265f34d0_130;
v0x5a60265f34d0_131 .array/port v0x5a60265f34d0, 131;
v0x5a60265f34d0_132 .array/port v0x5a60265f34d0, 132;
v0x5a60265f34d0_133 .array/port v0x5a60265f34d0, 133;
v0x5a60265f34d0_134 .array/port v0x5a60265f34d0, 134;
E_0x5a60265ac0b0/34 .event edge, v0x5a60265f34d0_131, v0x5a60265f34d0_132, v0x5a60265f34d0_133, v0x5a60265f34d0_134;
v0x5a60265f34d0_135 .array/port v0x5a60265f34d0, 135;
v0x5a60265f34d0_136 .array/port v0x5a60265f34d0, 136;
v0x5a60265f34d0_137 .array/port v0x5a60265f34d0, 137;
v0x5a60265f34d0_138 .array/port v0x5a60265f34d0, 138;
E_0x5a60265ac0b0/35 .event edge, v0x5a60265f34d0_135, v0x5a60265f34d0_136, v0x5a60265f34d0_137, v0x5a60265f34d0_138;
v0x5a60265f34d0_139 .array/port v0x5a60265f34d0, 139;
v0x5a60265f34d0_140 .array/port v0x5a60265f34d0, 140;
v0x5a60265f34d0_141 .array/port v0x5a60265f34d0, 141;
v0x5a60265f34d0_142 .array/port v0x5a60265f34d0, 142;
E_0x5a60265ac0b0/36 .event edge, v0x5a60265f34d0_139, v0x5a60265f34d0_140, v0x5a60265f34d0_141, v0x5a60265f34d0_142;
v0x5a60265f34d0_143 .array/port v0x5a60265f34d0, 143;
v0x5a60265f34d0_144 .array/port v0x5a60265f34d0, 144;
v0x5a60265f34d0_145 .array/port v0x5a60265f34d0, 145;
v0x5a60265f34d0_146 .array/port v0x5a60265f34d0, 146;
E_0x5a60265ac0b0/37 .event edge, v0x5a60265f34d0_143, v0x5a60265f34d0_144, v0x5a60265f34d0_145, v0x5a60265f34d0_146;
v0x5a60265f34d0_147 .array/port v0x5a60265f34d0, 147;
v0x5a60265f34d0_148 .array/port v0x5a60265f34d0, 148;
v0x5a60265f34d0_149 .array/port v0x5a60265f34d0, 149;
v0x5a60265f34d0_150 .array/port v0x5a60265f34d0, 150;
E_0x5a60265ac0b0/38 .event edge, v0x5a60265f34d0_147, v0x5a60265f34d0_148, v0x5a60265f34d0_149, v0x5a60265f34d0_150;
v0x5a60265f34d0_151 .array/port v0x5a60265f34d0, 151;
v0x5a60265f34d0_152 .array/port v0x5a60265f34d0, 152;
v0x5a60265f34d0_153 .array/port v0x5a60265f34d0, 153;
v0x5a60265f34d0_154 .array/port v0x5a60265f34d0, 154;
E_0x5a60265ac0b0/39 .event edge, v0x5a60265f34d0_151, v0x5a60265f34d0_152, v0x5a60265f34d0_153, v0x5a60265f34d0_154;
v0x5a60265f34d0_155 .array/port v0x5a60265f34d0, 155;
v0x5a60265f34d0_156 .array/port v0x5a60265f34d0, 156;
v0x5a60265f34d0_157 .array/port v0x5a60265f34d0, 157;
v0x5a60265f34d0_158 .array/port v0x5a60265f34d0, 158;
E_0x5a60265ac0b0/40 .event edge, v0x5a60265f34d0_155, v0x5a60265f34d0_156, v0x5a60265f34d0_157, v0x5a60265f34d0_158;
v0x5a60265f34d0_159 .array/port v0x5a60265f34d0, 159;
v0x5a60265f34d0_160 .array/port v0x5a60265f34d0, 160;
v0x5a60265f34d0_161 .array/port v0x5a60265f34d0, 161;
v0x5a60265f34d0_162 .array/port v0x5a60265f34d0, 162;
E_0x5a60265ac0b0/41 .event edge, v0x5a60265f34d0_159, v0x5a60265f34d0_160, v0x5a60265f34d0_161, v0x5a60265f34d0_162;
v0x5a60265f34d0_163 .array/port v0x5a60265f34d0, 163;
v0x5a60265f34d0_164 .array/port v0x5a60265f34d0, 164;
v0x5a60265f34d0_165 .array/port v0x5a60265f34d0, 165;
v0x5a60265f34d0_166 .array/port v0x5a60265f34d0, 166;
E_0x5a60265ac0b0/42 .event edge, v0x5a60265f34d0_163, v0x5a60265f34d0_164, v0x5a60265f34d0_165, v0x5a60265f34d0_166;
v0x5a60265f34d0_167 .array/port v0x5a60265f34d0, 167;
v0x5a60265f34d0_168 .array/port v0x5a60265f34d0, 168;
v0x5a60265f34d0_169 .array/port v0x5a60265f34d0, 169;
v0x5a60265f34d0_170 .array/port v0x5a60265f34d0, 170;
E_0x5a60265ac0b0/43 .event edge, v0x5a60265f34d0_167, v0x5a60265f34d0_168, v0x5a60265f34d0_169, v0x5a60265f34d0_170;
v0x5a60265f34d0_171 .array/port v0x5a60265f34d0, 171;
v0x5a60265f34d0_172 .array/port v0x5a60265f34d0, 172;
v0x5a60265f34d0_173 .array/port v0x5a60265f34d0, 173;
v0x5a60265f34d0_174 .array/port v0x5a60265f34d0, 174;
E_0x5a60265ac0b0/44 .event edge, v0x5a60265f34d0_171, v0x5a60265f34d0_172, v0x5a60265f34d0_173, v0x5a60265f34d0_174;
v0x5a60265f34d0_175 .array/port v0x5a60265f34d0, 175;
v0x5a60265f34d0_176 .array/port v0x5a60265f34d0, 176;
v0x5a60265f34d0_177 .array/port v0x5a60265f34d0, 177;
v0x5a60265f34d0_178 .array/port v0x5a60265f34d0, 178;
E_0x5a60265ac0b0/45 .event edge, v0x5a60265f34d0_175, v0x5a60265f34d0_176, v0x5a60265f34d0_177, v0x5a60265f34d0_178;
v0x5a60265f34d0_179 .array/port v0x5a60265f34d0, 179;
v0x5a60265f34d0_180 .array/port v0x5a60265f34d0, 180;
v0x5a60265f34d0_181 .array/port v0x5a60265f34d0, 181;
v0x5a60265f34d0_182 .array/port v0x5a60265f34d0, 182;
E_0x5a60265ac0b0/46 .event edge, v0x5a60265f34d0_179, v0x5a60265f34d0_180, v0x5a60265f34d0_181, v0x5a60265f34d0_182;
v0x5a60265f34d0_183 .array/port v0x5a60265f34d0, 183;
v0x5a60265f34d0_184 .array/port v0x5a60265f34d0, 184;
v0x5a60265f34d0_185 .array/port v0x5a60265f34d0, 185;
v0x5a60265f34d0_186 .array/port v0x5a60265f34d0, 186;
E_0x5a60265ac0b0/47 .event edge, v0x5a60265f34d0_183, v0x5a60265f34d0_184, v0x5a60265f34d0_185, v0x5a60265f34d0_186;
v0x5a60265f34d0_187 .array/port v0x5a60265f34d0, 187;
v0x5a60265f34d0_188 .array/port v0x5a60265f34d0, 188;
v0x5a60265f34d0_189 .array/port v0x5a60265f34d0, 189;
v0x5a60265f34d0_190 .array/port v0x5a60265f34d0, 190;
E_0x5a60265ac0b0/48 .event edge, v0x5a60265f34d0_187, v0x5a60265f34d0_188, v0x5a60265f34d0_189, v0x5a60265f34d0_190;
v0x5a60265f34d0_191 .array/port v0x5a60265f34d0, 191;
v0x5a60265f34d0_192 .array/port v0x5a60265f34d0, 192;
v0x5a60265f34d0_193 .array/port v0x5a60265f34d0, 193;
v0x5a60265f34d0_194 .array/port v0x5a60265f34d0, 194;
E_0x5a60265ac0b0/49 .event edge, v0x5a60265f34d0_191, v0x5a60265f34d0_192, v0x5a60265f34d0_193, v0x5a60265f34d0_194;
v0x5a60265f34d0_195 .array/port v0x5a60265f34d0, 195;
v0x5a60265f34d0_196 .array/port v0x5a60265f34d0, 196;
v0x5a60265f34d0_197 .array/port v0x5a60265f34d0, 197;
v0x5a60265f34d0_198 .array/port v0x5a60265f34d0, 198;
E_0x5a60265ac0b0/50 .event edge, v0x5a60265f34d0_195, v0x5a60265f34d0_196, v0x5a60265f34d0_197, v0x5a60265f34d0_198;
v0x5a60265f34d0_199 .array/port v0x5a60265f34d0, 199;
v0x5a60265f34d0_200 .array/port v0x5a60265f34d0, 200;
v0x5a60265f34d0_201 .array/port v0x5a60265f34d0, 201;
v0x5a60265f34d0_202 .array/port v0x5a60265f34d0, 202;
E_0x5a60265ac0b0/51 .event edge, v0x5a60265f34d0_199, v0x5a60265f34d0_200, v0x5a60265f34d0_201, v0x5a60265f34d0_202;
v0x5a60265f34d0_203 .array/port v0x5a60265f34d0, 203;
v0x5a60265f34d0_204 .array/port v0x5a60265f34d0, 204;
v0x5a60265f34d0_205 .array/port v0x5a60265f34d0, 205;
v0x5a60265f34d0_206 .array/port v0x5a60265f34d0, 206;
E_0x5a60265ac0b0/52 .event edge, v0x5a60265f34d0_203, v0x5a60265f34d0_204, v0x5a60265f34d0_205, v0x5a60265f34d0_206;
v0x5a60265f34d0_207 .array/port v0x5a60265f34d0, 207;
v0x5a60265f34d0_208 .array/port v0x5a60265f34d0, 208;
v0x5a60265f34d0_209 .array/port v0x5a60265f34d0, 209;
v0x5a60265f34d0_210 .array/port v0x5a60265f34d0, 210;
E_0x5a60265ac0b0/53 .event edge, v0x5a60265f34d0_207, v0x5a60265f34d0_208, v0x5a60265f34d0_209, v0x5a60265f34d0_210;
v0x5a60265f34d0_211 .array/port v0x5a60265f34d0, 211;
v0x5a60265f34d0_212 .array/port v0x5a60265f34d0, 212;
v0x5a60265f34d0_213 .array/port v0x5a60265f34d0, 213;
v0x5a60265f34d0_214 .array/port v0x5a60265f34d0, 214;
E_0x5a60265ac0b0/54 .event edge, v0x5a60265f34d0_211, v0x5a60265f34d0_212, v0x5a60265f34d0_213, v0x5a60265f34d0_214;
v0x5a60265f34d0_215 .array/port v0x5a60265f34d0, 215;
v0x5a60265f34d0_216 .array/port v0x5a60265f34d0, 216;
v0x5a60265f34d0_217 .array/port v0x5a60265f34d0, 217;
v0x5a60265f34d0_218 .array/port v0x5a60265f34d0, 218;
E_0x5a60265ac0b0/55 .event edge, v0x5a60265f34d0_215, v0x5a60265f34d0_216, v0x5a60265f34d0_217, v0x5a60265f34d0_218;
v0x5a60265f34d0_219 .array/port v0x5a60265f34d0, 219;
v0x5a60265f34d0_220 .array/port v0x5a60265f34d0, 220;
v0x5a60265f34d0_221 .array/port v0x5a60265f34d0, 221;
v0x5a60265f34d0_222 .array/port v0x5a60265f34d0, 222;
E_0x5a60265ac0b0/56 .event edge, v0x5a60265f34d0_219, v0x5a60265f34d0_220, v0x5a60265f34d0_221, v0x5a60265f34d0_222;
v0x5a60265f34d0_223 .array/port v0x5a60265f34d0, 223;
v0x5a60265f34d0_224 .array/port v0x5a60265f34d0, 224;
v0x5a60265f34d0_225 .array/port v0x5a60265f34d0, 225;
v0x5a60265f34d0_226 .array/port v0x5a60265f34d0, 226;
E_0x5a60265ac0b0/57 .event edge, v0x5a60265f34d0_223, v0x5a60265f34d0_224, v0x5a60265f34d0_225, v0x5a60265f34d0_226;
v0x5a60265f34d0_227 .array/port v0x5a60265f34d0, 227;
v0x5a60265f34d0_228 .array/port v0x5a60265f34d0, 228;
v0x5a60265f34d0_229 .array/port v0x5a60265f34d0, 229;
v0x5a60265f34d0_230 .array/port v0x5a60265f34d0, 230;
E_0x5a60265ac0b0/58 .event edge, v0x5a60265f34d0_227, v0x5a60265f34d0_228, v0x5a60265f34d0_229, v0x5a60265f34d0_230;
v0x5a60265f34d0_231 .array/port v0x5a60265f34d0, 231;
v0x5a60265f34d0_232 .array/port v0x5a60265f34d0, 232;
v0x5a60265f34d0_233 .array/port v0x5a60265f34d0, 233;
v0x5a60265f34d0_234 .array/port v0x5a60265f34d0, 234;
E_0x5a60265ac0b0/59 .event edge, v0x5a60265f34d0_231, v0x5a60265f34d0_232, v0x5a60265f34d0_233, v0x5a60265f34d0_234;
v0x5a60265f34d0_235 .array/port v0x5a60265f34d0, 235;
v0x5a60265f34d0_236 .array/port v0x5a60265f34d0, 236;
v0x5a60265f34d0_237 .array/port v0x5a60265f34d0, 237;
v0x5a60265f34d0_238 .array/port v0x5a60265f34d0, 238;
E_0x5a60265ac0b0/60 .event edge, v0x5a60265f34d0_235, v0x5a60265f34d0_236, v0x5a60265f34d0_237, v0x5a60265f34d0_238;
v0x5a60265f34d0_239 .array/port v0x5a60265f34d0, 239;
v0x5a60265f34d0_240 .array/port v0x5a60265f34d0, 240;
v0x5a60265f34d0_241 .array/port v0x5a60265f34d0, 241;
v0x5a60265f34d0_242 .array/port v0x5a60265f34d0, 242;
E_0x5a60265ac0b0/61 .event edge, v0x5a60265f34d0_239, v0x5a60265f34d0_240, v0x5a60265f34d0_241, v0x5a60265f34d0_242;
v0x5a60265f34d0_243 .array/port v0x5a60265f34d0, 243;
v0x5a60265f34d0_244 .array/port v0x5a60265f34d0, 244;
v0x5a60265f34d0_245 .array/port v0x5a60265f34d0, 245;
v0x5a60265f34d0_246 .array/port v0x5a60265f34d0, 246;
E_0x5a60265ac0b0/62 .event edge, v0x5a60265f34d0_243, v0x5a60265f34d0_244, v0x5a60265f34d0_245, v0x5a60265f34d0_246;
v0x5a60265f34d0_247 .array/port v0x5a60265f34d0, 247;
v0x5a60265f34d0_248 .array/port v0x5a60265f34d0, 248;
v0x5a60265f34d0_249 .array/port v0x5a60265f34d0, 249;
v0x5a60265f34d0_250 .array/port v0x5a60265f34d0, 250;
E_0x5a60265ac0b0/63 .event edge, v0x5a60265f34d0_247, v0x5a60265f34d0_248, v0x5a60265f34d0_249, v0x5a60265f34d0_250;
v0x5a60265f34d0_251 .array/port v0x5a60265f34d0, 251;
v0x5a60265f34d0_252 .array/port v0x5a60265f34d0, 252;
v0x5a60265f34d0_253 .array/port v0x5a60265f34d0, 253;
v0x5a60265f34d0_254 .array/port v0x5a60265f34d0, 254;
E_0x5a60265ac0b0/64 .event edge, v0x5a60265f34d0_251, v0x5a60265f34d0_252, v0x5a60265f34d0_253, v0x5a60265f34d0_254;
v0x5a60265f34d0_255 .array/port v0x5a60265f34d0, 255;
v0x5a60265f34d0_256 .array/port v0x5a60265f34d0, 256;
v0x5a60265f34d0_257 .array/port v0x5a60265f34d0, 257;
v0x5a60265f34d0_258 .array/port v0x5a60265f34d0, 258;
E_0x5a60265ac0b0/65 .event edge, v0x5a60265f34d0_255, v0x5a60265f34d0_256, v0x5a60265f34d0_257, v0x5a60265f34d0_258;
v0x5a60265f34d0_259 .array/port v0x5a60265f34d0, 259;
v0x5a60265f34d0_260 .array/port v0x5a60265f34d0, 260;
v0x5a60265f34d0_261 .array/port v0x5a60265f34d0, 261;
v0x5a60265f34d0_262 .array/port v0x5a60265f34d0, 262;
E_0x5a60265ac0b0/66 .event edge, v0x5a60265f34d0_259, v0x5a60265f34d0_260, v0x5a60265f34d0_261, v0x5a60265f34d0_262;
v0x5a60265f34d0_263 .array/port v0x5a60265f34d0, 263;
v0x5a60265f34d0_264 .array/port v0x5a60265f34d0, 264;
v0x5a60265f34d0_265 .array/port v0x5a60265f34d0, 265;
v0x5a60265f34d0_266 .array/port v0x5a60265f34d0, 266;
E_0x5a60265ac0b0/67 .event edge, v0x5a60265f34d0_263, v0x5a60265f34d0_264, v0x5a60265f34d0_265, v0x5a60265f34d0_266;
v0x5a60265f34d0_267 .array/port v0x5a60265f34d0, 267;
v0x5a60265f34d0_268 .array/port v0x5a60265f34d0, 268;
v0x5a60265f34d0_269 .array/port v0x5a60265f34d0, 269;
v0x5a60265f34d0_270 .array/port v0x5a60265f34d0, 270;
E_0x5a60265ac0b0/68 .event edge, v0x5a60265f34d0_267, v0x5a60265f34d0_268, v0x5a60265f34d0_269, v0x5a60265f34d0_270;
v0x5a60265f34d0_271 .array/port v0x5a60265f34d0, 271;
v0x5a60265f34d0_272 .array/port v0x5a60265f34d0, 272;
v0x5a60265f34d0_273 .array/port v0x5a60265f34d0, 273;
v0x5a60265f34d0_274 .array/port v0x5a60265f34d0, 274;
E_0x5a60265ac0b0/69 .event edge, v0x5a60265f34d0_271, v0x5a60265f34d0_272, v0x5a60265f34d0_273, v0x5a60265f34d0_274;
v0x5a60265f34d0_275 .array/port v0x5a60265f34d0, 275;
v0x5a60265f34d0_276 .array/port v0x5a60265f34d0, 276;
v0x5a60265f34d0_277 .array/port v0x5a60265f34d0, 277;
v0x5a60265f34d0_278 .array/port v0x5a60265f34d0, 278;
E_0x5a60265ac0b0/70 .event edge, v0x5a60265f34d0_275, v0x5a60265f34d0_276, v0x5a60265f34d0_277, v0x5a60265f34d0_278;
v0x5a60265f34d0_279 .array/port v0x5a60265f34d0, 279;
v0x5a60265f34d0_280 .array/port v0x5a60265f34d0, 280;
v0x5a60265f34d0_281 .array/port v0x5a60265f34d0, 281;
v0x5a60265f34d0_282 .array/port v0x5a60265f34d0, 282;
E_0x5a60265ac0b0/71 .event edge, v0x5a60265f34d0_279, v0x5a60265f34d0_280, v0x5a60265f34d0_281, v0x5a60265f34d0_282;
v0x5a60265f34d0_283 .array/port v0x5a60265f34d0, 283;
v0x5a60265f34d0_284 .array/port v0x5a60265f34d0, 284;
v0x5a60265f34d0_285 .array/port v0x5a60265f34d0, 285;
v0x5a60265f34d0_286 .array/port v0x5a60265f34d0, 286;
E_0x5a60265ac0b0/72 .event edge, v0x5a60265f34d0_283, v0x5a60265f34d0_284, v0x5a60265f34d0_285, v0x5a60265f34d0_286;
v0x5a60265f34d0_287 .array/port v0x5a60265f34d0, 287;
v0x5a60265f34d0_288 .array/port v0x5a60265f34d0, 288;
v0x5a60265f34d0_289 .array/port v0x5a60265f34d0, 289;
v0x5a60265f34d0_290 .array/port v0x5a60265f34d0, 290;
E_0x5a60265ac0b0/73 .event edge, v0x5a60265f34d0_287, v0x5a60265f34d0_288, v0x5a60265f34d0_289, v0x5a60265f34d0_290;
v0x5a60265f34d0_291 .array/port v0x5a60265f34d0, 291;
v0x5a60265f34d0_292 .array/port v0x5a60265f34d0, 292;
v0x5a60265f34d0_293 .array/port v0x5a60265f34d0, 293;
v0x5a60265f34d0_294 .array/port v0x5a60265f34d0, 294;
E_0x5a60265ac0b0/74 .event edge, v0x5a60265f34d0_291, v0x5a60265f34d0_292, v0x5a60265f34d0_293, v0x5a60265f34d0_294;
v0x5a60265f34d0_295 .array/port v0x5a60265f34d0, 295;
v0x5a60265f34d0_296 .array/port v0x5a60265f34d0, 296;
v0x5a60265f34d0_297 .array/port v0x5a60265f34d0, 297;
v0x5a60265f34d0_298 .array/port v0x5a60265f34d0, 298;
E_0x5a60265ac0b0/75 .event edge, v0x5a60265f34d0_295, v0x5a60265f34d0_296, v0x5a60265f34d0_297, v0x5a60265f34d0_298;
v0x5a60265f34d0_299 .array/port v0x5a60265f34d0, 299;
v0x5a60265f34d0_300 .array/port v0x5a60265f34d0, 300;
v0x5a60265f34d0_301 .array/port v0x5a60265f34d0, 301;
v0x5a60265f34d0_302 .array/port v0x5a60265f34d0, 302;
E_0x5a60265ac0b0/76 .event edge, v0x5a60265f34d0_299, v0x5a60265f34d0_300, v0x5a60265f34d0_301, v0x5a60265f34d0_302;
v0x5a60265f34d0_303 .array/port v0x5a60265f34d0, 303;
v0x5a60265f34d0_304 .array/port v0x5a60265f34d0, 304;
v0x5a60265f34d0_305 .array/port v0x5a60265f34d0, 305;
v0x5a60265f34d0_306 .array/port v0x5a60265f34d0, 306;
E_0x5a60265ac0b0/77 .event edge, v0x5a60265f34d0_303, v0x5a60265f34d0_304, v0x5a60265f34d0_305, v0x5a60265f34d0_306;
v0x5a60265f34d0_307 .array/port v0x5a60265f34d0, 307;
v0x5a60265f34d0_308 .array/port v0x5a60265f34d0, 308;
v0x5a60265f34d0_309 .array/port v0x5a60265f34d0, 309;
v0x5a60265f34d0_310 .array/port v0x5a60265f34d0, 310;
E_0x5a60265ac0b0/78 .event edge, v0x5a60265f34d0_307, v0x5a60265f34d0_308, v0x5a60265f34d0_309, v0x5a60265f34d0_310;
v0x5a60265f34d0_311 .array/port v0x5a60265f34d0, 311;
v0x5a60265f34d0_312 .array/port v0x5a60265f34d0, 312;
v0x5a60265f34d0_313 .array/port v0x5a60265f34d0, 313;
v0x5a60265f34d0_314 .array/port v0x5a60265f34d0, 314;
E_0x5a60265ac0b0/79 .event edge, v0x5a60265f34d0_311, v0x5a60265f34d0_312, v0x5a60265f34d0_313, v0x5a60265f34d0_314;
v0x5a60265f34d0_315 .array/port v0x5a60265f34d0, 315;
v0x5a60265f34d0_316 .array/port v0x5a60265f34d0, 316;
v0x5a60265f34d0_317 .array/port v0x5a60265f34d0, 317;
v0x5a60265f34d0_318 .array/port v0x5a60265f34d0, 318;
E_0x5a60265ac0b0/80 .event edge, v0x5a60265f34d0_315, v0x5a60265f34d0_316, v0x5a60265f34d0_317, v0x5a60265f34d0_318;
v0x5a60265f34d0_319 .array/port v0x5a60265f34d0, 319;
v0x5a60265f34d0_320 .array/port v0x5a60265f34d0, 320;
v0x5a60265f34d0_321 .array/port v0x5a60265f34d0, 321;
v0x5a60265f34d0_322 .array/port v0x5a60265f34d0, 322;
E_0x5a60265ac0b0/81 .event edge, v0x5a60265f34d0_319, v0x5a60265f34d0_320, v0x5a60265f34d0_321, v0x5a60265f34d0_322;
v0x5a60265f34d0_323 .array/port v0x5a60265f34d0, 323;
v0x5a60265f34d0_324 .array/port v0x5a60265f34d0, 324;
v0x5a60265f34d0_325 .array/port v0x5a60265f34d0, 325;
v0x5a60265f34d0_326 .array/port v0x5a60265f34d0, 326;
E_0x5a60265ac0b0/82 .event edge, v0x5a60265f34d0_323, v0x5a60265f34d0_324, v0x5a60265f34d0_325, v0x5a60265f34d0_326;
v0x5a60265f34d0_327 .array/port v0x5a60265f34d0, 327;
v0x5a60265f34d0_328 .array/port v0x5a60265f34d0, 328;
v0x5a60265f34d0_329 .array/port v0x5a60265f34d0, 329;
v0x5a60265f34d0_330 .array/port v0x5a60265f34d0, 330;
E_0x5a60265ac0b0/83 .event edge, v0x5a60265f34d0_327, v0x5a60265f34d0_328, v0x5a60265f34d0_329, v0x5a60265f34d0_330;
v0x5a60265f34d0_331 .array/port v0x5a60265f34d0, 331;
v0x5a60265f34d0_332 .array/port v0x5a60265f34d0, 332;
v0x5a60265f34d0_333 .array/port v0x5a60265f34d0, 333;
v0x5a60265f34d0_334 .array/port v0x5a60265f34d0, 334;
E_0x5a60265ac0b0/84 .event edge, v0x5a60265f34d0_331, v0x5a60265f34d0_332, v0x5a60265f34d0_333, v0x5a60265f34d0_334;
v0x5a60265f34d0_335 .array/port v0x5a60265f34d0, 335;
v0x5a60265f34d0_336 .array/port v0x5a60265f34d0, 336;
v0x5a60265f34d0_337 .array/port v0x5a60265f34d0, 337;
v0x5a60265f34d0_338 .array/port v0x5a60265f34d0, 338;
E_0x5a60265ac0b0/85 .event edge, v0x5a60265f34d0_335, v0x5a60265f34d0_336, v0x5a60265f34d0_337, v0x5a60265f34d0_338;
v0x5a60265f34d0_339 .array/port v0x5a60265f34d0, 339;
v0x5a60265f34d0_340 .array/port v0x5a60265f34d0, 340;
v0x5a60265f34d0_341 .array/port v0x5a60265f34d0, 341;
v0x5a60265f34d0_342 .array/port v0x5a60265f34d0, 342;
E_0x5a60265ac0b0/86 .event edge, v0x5a60265f34d0_339, v0x5a60265f34d0_340, v0x5a60265f34d0_341, v0x5a60265f34d0_342;
v0x5a60265f34d0_343 .array/port v0x5a60265f34d0, 343;
v0x5a60265f34d0_344 .array/port v0x5a60265f34d0, 344;
v0x5a60265f34d0_345 .array/port v0x5a60265f34d0, 345;
v0x5a60265f34d0_346 .array/port v0x5a60265f34d0, 346;
E_0x5a60265ac0b0/87 .event edge, v0x5a60265f34d0_343, v0x5a60265f34d0_344, v0x5a60265f34d0_345, v0x5a60265f34d0_346;
v0x5a60265f34d0_347 .array/port v0x5a60265f34d0, 347;
v0x5a60265f34d0_348 .array/port v0x5a60265f34d0, 348;
v0x5a60265f34d0_349 .array/port v0x5a60265f34d0, 349;
v0x5a60265f34d0_350 .array/port v0x5a60265f34d0, 350;
E_0x5a60265ac0b0/88 .event edge, v0x5a60265f34d0_347, v0x5a60265f34d0_348, v0x5a60265f34d0_349, v0x5a60265f34d0_350;
v0x5a60265f34d0_351 .array/port v0x5a60265f34d0, 351;
v0x5a60265f34d0_352 .array/port v0x5a60265f34d0, 352;
v0x5a60265f34d0_353 .array/port v0x5a60265f34d0, 353;
v0x5a60265f34d0_354 .array/port v0x5a60265f34d0, 354;
E_0x5a60265ac0b0/89 .event edge, v0x5a60265f34d0_351, v0x5a60265f34d0_352, v0x5a60265f34d0_353, v0x5a60265f34d0_354;
v0x5a60265f34d0_355 .array/port v0x5a60265f34d0, 355;
v0x5a60265f34d0_356 .array/port v0x5a60265f34d0, 356;
v0x5a60265f34d0_357 .array/port v0x5a60265f34d0, 357;
v0x5a60265f34d0_358 .array/port v0x5a60265f34d0, 358;
E_0x5a60265ac0b0/90 .event edge, v0x5a60265f34d0_355, v0x5a60265f34d0_356, v0x5a60265f34d0_357, v0x5a60265f34d0_358;
v0x5a60265f34d0_359 .array/port v0x5a60265f34d0, 359;
v0x5a60265f34d0_360 .array/port v0x5a60265f34d0, 360;
v0x5a60265f34d0_361 .array/port v0x5a60265f34d0, 361;
v0x5a60265f34d0_362 .array/port v0x5a60265f34d0, 362;
E_0x5a60265ac0b0/91 .event edge, v0x5a60265f34d0_359, v0x5a60265f34d0_360, v0x5a60265f34d0_361, v0x5a60265f34d0_362;
v0x5a60265f34d0_363 .array/port v0x5a60265f34d0, 363;
v0x5a60265f34d0_364 .array/port v0x5a60265f34d0, 364;
v0x5a60265f34d0_365 .array/port v0x5a60265f34d0, 365;
v0x5a60265f34d0_366 .array/port v0x5a60265f34d0, 366;
E_0x5a60265ac0b0/92 .event edge, v0x5a60265f34d0_363, v0x5a60265f34d0_364, v0x5a60265f34d0_365, v0x5a60265f34d0_366;
v0x5a60265f34d0_367 .array/port v0x5a60265f34d0, 367;
v0x5a60265f34d0_368 .array/port v0x5a60265f34d0, 368;
v0x5a60265f34d0_369 .array/port v0x5a60265f34d0, 369;
v0x5a60265f34d0_370 .array/port v0x5a60265f34d0, 370;
E_0x5a60265ac0b0/93 .event edge, v0x5a60265f34d0_367, v0x5a60265f34d0_368, v0x5a60265f34d0_369, v0x5a60265f34d0_370;
v0x5a60265f34d0_371 .array/port v0x5a60265f34d0, 371;
v0x5a60265f34d0_372 .array/port v0x5a60265f34d0, 372;
v0x5a60265f34d0_373 .array/port v0x5a60265f34d0, 373;
v0x5a60265f34d0_374 .array/port v0x5a60265f34d0, 374;
E_0x5a60265ac0b0/94 .event edge, v0x5a60265f34d0_371, v0x5a60265f34d0_372, v0x5a60265f34d0_373, v0x5a60265f34d0_374;
v0x5a60265f34d0_375 .array/port v0x5a60265f34d0, 375;
v0x5a60265f34d0_376 .array/port v0x5a60265f34d0, 376;
v0x5a60265f34d0_377 .array/port v0x5a60265f34d0, 377;
v0x5a60265f34d0_378 .array/port v0x5a60265f34d0, 378;
E_0x5a60265ac0b0/95 .event edge, v0x5a60265f34d0_375, v0x5a60265f34d0_376, v0x5a60265f34d0_377, v0x5a60265f34d0_378;
v0x5a60265f34d0_379 .array/port v0x5a60265f34d0, 379;
v0x5a60265f34d0_380 .array/port v0x5a60265f34d0, 380;
v0x5a60265f34d0_381 .array/port v0x5a60265f34d0, 381;
v0x5a60265f34d0_382 .array/port v0x5a60265f34d0, 382;
E_0x5a60265ac0b0/96 .event edge, v0x5a60265f34d0_379, v0x5a60265f34d0_380, v0x5a60265f34d0_381, v0x5a60265f34d0_382;
v0x5a60265f34d0_383 .array/port v0x5a60265f34d0, 383;
v0x5a60265f34d0_384 .array/port v0x5a60265f34d0, 384;
v0x5a60265f34d0_385 .array/port v0x5a60265f34d0, 385;
v0x5a60265f34d0_386 .array/port v0x5a60265f34d0, 386;
E_0x5a60265ac0b0/97 .event edge, v0x5a60265f34d0_383, v0x5a60265f34d0_384, v0x5a60265f34d0_385, v0x5a60265f34d0_386;
v0x5a60265f34d0_387 .array/port v0x5a60265f34d0, 387;
v0x5a60265f34d0_388 .array/port v0x5a60265f34d0, 388;
v0x5a60265f34d0_389 .array/port v0x5a60265f34d0, 389;
v0x5a60265f34d0_390 .array/port v0x5a60265f34d0, 390;
E_0x5a60265ac0b0/98 .event edge, v0x5a60265f34d0_387, v0x5a60265f34d0_388, v0x5a60265f34d0_389, v0x5a60265f34d0_390;
v0x5a60265f34d0_391 .array/port v0x5a60265f34d0, 391;
v0x5a60265f34d0_392 .array/port v0x5a60265f34d0, 392;
v0x5a60265f34d0_393 .array/port v0x5a60265f34d0, 393;
v0x5a60265f34d0_394 .array/port v0x5a60265f34d0, 394;
E_0x5a60265ac0b0/99 .event edge, v0x5a60265f34d0_391, v0x5a60265f34d0_392, v0x5a60265f34d0_393, v0x5a60265f34d0_394;
v0x5a60265f34d0_395 .array/port v0x5a60265f34d0, 395;
v0x5a60265f34d0_396 .array/port v0x5a60265f34d0, 396;
v0x5a60265f34d0_397 .array/port v0x5a60265f34d0, 397;
v0x5a60265f34d0_398 .array/port v0x5a60265f34d0, 398;
E_0x5a60265ac0b0/100 .event edge, v0x5a60265f34d0_395, v0x5a60265f34d0_396, v0x5a60265f34d0_397, v0x5a60265f34d0_398;
v0x5a60265f34d0_399 .array/port v0x5a60265f34d0, 399;
v0x5a60265f34d0_400 .array/port v0x5a60265f34d0, 400;
v0x5a60265f34d0_401 .array/port v0x5a60265f34d0, 401;
v0x5a60265f34d0_402 .array/port v0x5a60265f34d0, 402;
E_0x5a60265ac0b0/101 .event edge, v0x5a60265f34d0_399, v0x5a60265f34d0_400, v0x5a60265f34d0_401, v0x5a60265f34d0_402;
v0x5a60265f34d0_403 .array/port v0x5a60265f34d0, 403;
v0x5a60265f34d0_404 .array/port v0x5a60265f34d0, 404;
v0x5a60265f34d0_405 .array/port v0x5a60265f34d0, 405;
v0x5a60265f34d0_406 .array/port v0x5a60265f34d0, 406;
E_0x5a60265ac0b0/102 .event edge, v0x5a60265f34d0_403, v0x5a60265f34d0_404, v0x5a60265f34d0_405, v0x5a60265f34d0_406;
v0x5a60265f34d0_407 .array/port v0x5a60265f34d0, 407;
v0x5a60265f34d0_408 .array/port v0x5a60265f34d0, 408;
v0x5a60265f34d0_409 .array/port v0x5a60265f34d0, 409;
v0x5a60265f34d0_410 .array/port v0x5a60265f34d0, 410;
E_0x5a60265ac0b0/103 .event edge, v0x5a60265f34d0_407, v0x5a60265f34d0_408, v0x5a60265f34d0_409, v0x5a60265f34d0_410;
v0x5a60265f34d0_411 .array/port v0x5a60265f34d0, 411;
v0x5a60265f34d0_412 .array/port v0x5a60265f34d0, 412;
v0x5a60265f34d0_413 .array/port v0x5a60265f34d0, 413;
v0x5a60265f34d0_414 .array/port v0x5a60265f34d0, 414;
E_0x5a60265ac0b0/104 .event edge, v0x5a60265f34d0_411, v0x5a60265f34d0_412, v0x5a60265f34d0_413, v0x5a60265f34d0_414;
v0x5a60265f34d0_415 .array/port v0x5a60265f34d0, 415;
v0x5a60265f34d0_416 .array/port v0x5a60265f34d0, 416;
v0x5a60265f34d0_417 .array/port v0x5a60265f34d0, 417;
v0x5a60265f34d0_418 .array/port v0x5a60265f34d0, 418;
E_0x5a60265ac0b0/105 .event edge, v0x5a60265f34d0_415, v0x5a60265f34d0_416, v0x5a60265f34d0_417, v0x5a60265f34d0_418;
v0x5a60265f34d0_419 .array/port v0x5a60265f34d0, 419;
v0x5a60265f34d0_420 .array/port v0x5a60265f34d0, 420;
v0x5a60265f34d0_421 .array/port v0x5a60265f34d0, 421;
v0x5a60265f34d0_422 .array/port v0x5a60265f34d0, 422;
E_0x5a60265ac0b0/106 .event edge, v0x5a60265f34d0_419, v0x5a60265f34d0_420, v0x5a60265f34d0_421, v0x5a60265f34d0_422;
v0x5a60265f34d0_423 .array/port v0x5a60265f34d0, 423;
v0x5a60265f34d0_424 .array/port v0x5a60265f34d0, 424;
v0x5a60265f34d0_425 .array/port v0x5a60265f34d0, 425;
v0x5a60265f34d0_426 .array/port v0x5a60265f34d0, 426;
E_0x5a60265ac0b0/107 .event edge, v0x5a60265f34d0_423, v0x5a60265f34d0_424, v0x5a60265f34d0_425, v0x5a60265f34d0_426;
v0x5a60265f34d0_427 .array/port v0x5a60265f34d0, 427;
v0x5a60265f34d0_428 .array/port v0x5a60265f34d0, 428;
v0x5a60265f34d0_429 .array/port v0x5a60265f34d0, 429;
v0x5a60265f34d0_430 .array/port v0x5a60265f34d0, 430;
E_0x5a60265ac0b0/108 .event edge, v0x5a60265f34d0_427, v0x5a60265f34d0_428, v0x5a60265f34d0_429, v0x5a60265f34d0_430;
v0x5a60265f34d0_431 .array/port v0x5a60265f34d0, 431;
v0x5a60265f34d0_432 .array/port v0x5a60265f34d0, 432;
v0x5a60265f34d0_433 .array/port v0x5a60265f34d0, 433;
v0x5a60265f34d0_434 .array/port v0x5a60265f34d0, 434;
E_0x5a60265ac0b0/109 .event edge, v0x5a60265f34d0_431, v0x5a60265f34d0_432, v0x5a60265f34d0_433, v0x5a60265f34d0_434;
v0x5a60265f34d0_435 .array/port v0x5a60265f34d0, 435;
v0x5a60265f34d0_436 .array/port v0x5a60265f34d0, 436;
v0x5a60265f34d0_437 .array/port v0x5a60265f34d0, 437;
v0x5a60265f34d0_438 .array/port v0x5a60265f34d0, 438;
E_0x5a60265ac0b0/110 .event edge, v0x5a60265f34d0_435, v0x5a60265f34d0_436, v0x5a60265f34d0_437, v0x5a60265f34d0_438;
v0x5a60265f34d0_439 .array/port v0x5a60265f34d0, 439;
v0x5a60265f34d0_440 .array/port v0x5a60265f34d0, 440;
v0x5a60265f34d0_441 .array/port v0x5a60265f34d0, 441;
v0x5a60265f34d0_442 .array/port v0x5a60265f34d0, 442;
E_0x5a60265ac0b0/111 .event edge, v0x5a60265f34d0_439, v0x5a60265f34d0_440, v0x5a60265f34d0_441, v0x5a60265f34d0_442;
v0x5a60265f34d0_443 .array/port v0x5a60265f34d0, 443;
v0x5a60265f34d0_444 .array/port v0x5a60265f34d0, 444;
v0x5a60265f34d0_445 .array/port v0x5a60265f34d0, 445;
v0x5a60265f34d0_446 .array/port v0x5a60265f34d0, 446;
E_0x5a60265ac0b0/112 .event edge, v0x5a60265f34d0_443, v0x5a60265f34d0_444, v0x5a60265f34d0_445, v0x5a60265f34d0_446;
v0x5a60265f34d0_447 .array/port v0x5a60265f34d0, 447;
v0x5a60265f34d0_448 .array/port v0x5a60265f34d0, 448;
v0x5a60265f34d0_449 .array/port v0x5a60265f34d0, 449;
v0x5a60265f34d0_450 .array/port v0x5a60265f34d0, 450;
E_0x5a60265ac0b0/113 .event edge, v0x5a60265f34d0_447, v0x5a60265f34d0_448, v0x5a60265f34d0_449, v0x5a60265f34d0_450;
v0x5a60265f34d0_451 .array/port v0x5a60265f34d0, 451;
v0x5a60265f34d0_452 .array/port v0x5a60265f34d0, 452;
v0x5a60265f34d0_453 .array/port v0x5a60265f34d0, 453;
v0x5a60265f34d0_454 .array/port v0x5a60265f34d0, 454;
E_0x5a60265ac0b0/114 .event edge, v0x5a60265f34d0_451, v0x5a60265f34d0_452, v0x5a60265f34d0_453, v0x5a60265f34d0_454;
v0x5a60265f34d0_455 .array/port v0x5a60265f34d0, 455;
v0x5a60265f34d0_456 .array/port v0x5a60265f34d0, 456;
v0x5a60265f34d0_457 .array/port v0x5a60265f34d0, 457;
v0x5a60265f34d0_458 .array/port v0x5a60265f34d0, 458;
E_0x5a60265ac0b0/115 .event edge, v0x5a60265f34d0_455, v0x5a60265f34d0_456, v0x5a60265f34d0_457, v0x5a60265f34d0_458;
v0x5a60265f34d0_459 .array/port v0x5a60265f34d0, 459;
v0x5a60265f34d0_460 .array/port v0x5a60265f34d0, 460;
v0x5a60265f34d0_461 .array/port v0x5a60265f34d0, 461;
v0x5a60265f34d0_462 .array/port v0x5a60265f34d0, 462;
E_0x5a60265ac0b0/116 .event edge, v0x5a60265f34d0_459, v0x5a60265f34d0_460, v0x5a60265f34d0_461, v0x5a60265f34d0_462;
v0x5a60265f34d0_463 .array/port v0x5a60265f34d0, 463;
v0x5a60265f34d0_464 .array/port v0x5a60265f34d0, 464;
v0x5a60265f34d0_465 .array/port v0x5a60265f34d0, 465;
v0x5a60265f34d0_466 .array/port v0x5a60265f34d0, 466;
E_0x5a60265ac0b0/117 .event edge, v0x5a60265f34d0_463, v0x5a60265f34d0_464, v0x5a60265f34d0_465, v0x5a60265f34d0_466;
v0x5a60265f34d0_467 .array/port v0x5a60265f34d0, 467;
v0x5a60265f34d0_468 .array/port v0x5a60265f34d0, 468;
v0x5a60265f34d0_469 .array/port v0x5a60265f34d0, 469;
v0x5a60265f34d0_470 .array/port v0x5a60265f34d0, 470;
E_0x5a60265ac0b0/118 .event edge, v0x5a60265f34d0_467, v0x5a60265f34d0_468, v0x5a60265f34d0_469, v0x5a60265f34d0_470;
v0x5a60265f34d0_471 .array/port v0x5a60265f34d0, 471;
v0x5a60265f34d0_472 .array/port v0x5a60265f34d0, 472;
v0x5a60265f34d0_473 .array/port v0x5a60265f34d0, 473;
v0x5a60265f34d0_474 .array/port v0x5a60265f34d0, 474;
E_0x5a60265ac0b0/119 .event edge, v0x5a60265f34d0_471, v0x5a60265f34d0_472, v0x5a60265f34d0_473, v0x5a60265f34d0_474;
v0x5a60265f34d0_475 .array/port v0x5a60265f34d0, 475;
v0x5a60265f34d0_476 .array/port v0x5a60265f34d0, 476;
v0x5a60265f34d0_477 .array/port v0x5a60265f34d0, 477;
v0x5a60265f34d0_478 .array/port v0x5a60265f34d0, 478;
E_0x5a60265ac0b0/120 .event edge, v0x5a60265f34d0_475, v0x5a60265f34d0_476, v0x5a60265f34d0_477, v0x5a60265f34d0_478;
v0x5a60265f34d0_479 .array/port v0x5a60265f34d0, 479;
v0x5a60265f34d0_480 .array/port v0x5a60265f34d0, 480;
v0x5a60265f34d0_481 .array/port v0x5a60265f34d0, 481;
v0x5a60265f34d0_482 .array/port v0x5a60265f34d0, 482;
E_0x5a60265ac0b0/121 .event edge, v0x5a60265f34d0_479, v0x5a60265f34d0_480, v0x5a60265f34d0_481, v0x5a60265f34d0_482;
v0x5a60265f34d0_483 .array/port v0x5a60265f34d0, 483;
v0x5a60265f34d0_484 .array/port v0x5a60265f34d0, 484;
v0x5a60265f34d0_485 .array/port v0x5a60265f34d0, 485;
v0x5a60265f34d0_486 .array/port v0x5a60265f34d0, 486;
E_0x5a60265ac0b0/122 .event edge, v0x5a60265f34d0_483, v0x5a60265f34d0_484, v0x5a60265f34d0_485, v0x5a60265f34d0_486;
v0x5a60265f34d0_487 .array/port v0x5a60265f34d0, 487;
v0x5a60265f34d0_488 .array/port v0x5a60265f34d0, 488;
v0x5a60265f34d0_489 .array/port v0x5a60265f34d0, 489;
v0x5a60265f34d0_490 .array/port v0x5a60265f34d0, 490;
E_0x5a60265ac0b0/123 .event edge, v0x5a60265f34d0_487, v0x5a60265f34d0_488, v0x5a60265f34d0_489, v0x5a60265f34d0_490;
v0x5a60265f34d0_491 .array/port v0x5a60265f34d0, 491;
v0x5a60265f34d0_492 .array/port v0x5a60265f34d0, 492;
v0x5a60265f34d0_493 .array/port v0x5a60265f34d0, 493;
v0x5a60265f34d0_494 .array/port v0x5a60265f34d0, 494;
E_0x5a60265ac0b0/124 .event edge, v0x5a60265f34d0_491, v0x5a60265f34d0_492, v0x5a60265f34d0_493, v0x5a60265f34d0_494;
v0x5a60265f34d0_495 .array/port v0x5a60265f34d0, 495;
v0x5a60265f34d0_496 .array/port v0x5a60265f34d0, 496;
v0x5a60265f34d0_497 .array/port v0x5a60265f34d0, 497;
v0x5a60265f34d0_498 .array/port v0x5a60265f34d0, 498;
E_0x5a60265ac0b0/125 .event edge, v0x5a60265f34d0_495, v0x5a60265f34d0_496, v0x5a60265f34d0_497, v0x5a60265f34d0_498;
v0x5a60265f34d0_499 .array/port v0x5a60265f34d0, 499;
v0x5a60265f34d0_500 .array/port v0x5a60265f34d0, 500;
v0x5a60265f34d0_501 .array/port v0x5a60265f34d0, 501;
v0x5a60265f34d0_502 .array/port v0x5a60265f34d0, 502;
E_0x5a60265ac0b0/126 .event edge, v0x5a60265f34d0_499, v0x5a60265f34d0_500, v0x5a60265f34d0_501, v0x5a60265f34d0_502;
v0x5a60265f34d0_503 .array/port v0x5a60265f34d0, 503;
v0x5a60265f34d0_504 .array/port v0x5a60265f34d0, 504;
v0x5a60265f34d0_505 .array/port v0x5a60265f34d0, 505;
v0x5a60265f34d0_506 .array/port v0x5a60265f34d0, 506;
E_0x5a60265ac0b0/127 .event edge, v0x5a60265f34d0_503, v0x5a60265f34d0_504, v0x5a60265f34d0_505, v0x5a60265f34d0_506;
v0x5a60265f34d0_507 .array/port v0x5a60265f34d0, 507;
v0x5a60265f34d0_508 .array/port v0x5a60265f34d0, 508;
v0x5a60265f34d0_509 .array/port v0x5a60265f34d0, 509;
v0x5a60265f34d0_510 .array/port v0x5a60265f34d0, 510;
E_0x5a60265ac0b0/128 .event edge, v0x5a60265f34d0_507, v0x5a60265f34d0_508, v0x5a60265f34d0_509, v0x5a60265f34d0_510;
v0x5a60265f34d0_511 .array/port v0x5a60265f34d0, 511;
E_0x5a60265ac0b0/129 .event edge, v0x5a60265f34d0_511;
E_0x5a60265ac0b0 .event/or E_0x5a60265ac0b0/0, E_0x5a60265ac0b0/1, E_0x5a60265ac0b0/2, E_0x5a60265ac0b0/3, E_0x5a60265ac0b0/4, E_0x5a60265ac0b0/5, E_0x5a60265ac0b0/6, E_0x5a60265ac0b0/7, E_0x5a60265ac0b0/8, E_0x5a60265ac0b0/9, E_0x5a60265ac0b0/10, E_0x5a60265ac0b0/11, E_0x5a60265ac0b0/12, E_0x5a60265ac0b0/13, E_0x5a60265ac0b0/14, E_0x5a60265ac0b0/15, E_0x5a60265ac0b0/16, E_0x5a60265ac0b0/17, E_0x5a60265ac0b0/18, E_0x5a60265ac0b0/19, E_0x5a60265ac0b0/20, E_0x5a60265ac0b0/21, E_0x5a60265ac0b0/22, E_0x5a60265ac0b0/23, E_0x5a60265ac0b0/24, E_0x5a60265ac0b0/25, E_0x5a60265ac0b0/26, E_0x5a60265ac0b0/27, E_0x5a60265ac0b0/28, E_0x5a60265ac0b0/29, E_0x5a60265ac0b0/30, E_0x5a60265ac0b0/31, E_0x5a60265ac0b0/32, E_0x5a60265ac0b0/33, E_0x5a60265ac0b0/34, E_0x5a60265ac0b0/35, E_0x5a60265ac0b0/36, E_0x5a60265ac0b0/37, E_0x5a60265ac0b0/38, E_0x5a60265ac0b0/39, E_0x5a60265ac0b0/40, E_0x5a60265ac0b0/41, E_0x5a60265ac0b0/42, E_0x5a60265ac0b0/43, E_0x5a60265ac0b0/44, E_0x5a60265ac0b0/45, E_0x5a60265ac0b0/46, E_0x5a60265ac0b0/47, E_0x5a60265ac0b0/48, E_0x5a60265ac0b0/49, E_0x5a60265ac0b0/50, E_0x5a60265ac0b0/51, E_0x5a60265ac0b0/52, E_0x5a60265ac0b0/53, E_0x5a60265ac0b0/54, E_0x5a60265ac0b0/55, E_0x5a60265ac0b0/56, E_0x5a60265ac0b0/57, E_0x5a60265ac0b0/58, E_0x5a60265ac0b0/59, E_0x5a60265ac0b0/60, E_0x5a60265ac0b0/61, E_0x5a60265ac0b0/62, E_0x5a60265ac0b0/63, E_0x5a60265ac0b0/64, E_0x5a60265ac0b0/65, E_0x5a60265ac0b0/66, E_0x5a60265ac0b0/67, E_0x5a60265ac0b0/68, E_0x5a60265ac0b0/69, E_0x5a60265ac0b0/70, E_0x5a60265ac0b0/71, E_0x5a60265ac0b0/72, E_0x5a60265ac0b0/73, E_0x5a60265ac0b0/74, E_0x5a60265ac0b0/75, E_0x5a60265ac0b0/76, E_0x5a60265ac0b0/77, E_0x5a60265ac0b0/78, E_0x5a60265ac0b0/79, E_0x5a60265ac0b0/80, E_0x5a60265ac0b0/81, E_0x5a60265ac0b0/82, E_0x5a60265ac0b0/83, E_0x5a60265ac0b0/84, E_0x5a60265ac0b0/85, E_0x5a60265ac0b0/86, E_0x5a60265ac0b0/87, E_0x5a60265ac0b0/88, E_0x5a60265ac0b0/89, E_0x5a60265ac0b0/90, E_0x5a60265ac0b0/91, E_0x5a60265ac0b0/92, E_0x5a60265ac0b0/93, E_0x5a60265ac0b0/94, E_0x5a60265ac0b0/95, E_0x5a60265ac0b0/96, E_0x5a60265ac0b0/97, E_0x5a60265ac0b0/98, E_0x5a60265ac0b0/99, E_0x5a60265ac0b0/100, E_0x5a60265ac0b0/101, E_0x5a60265ac0b0/102, E_0x5a60265ac0b0/103, E_0x5a60265ac0b0/104, E_0x5a60265ac0b0/105, E_0x5a60265ac0b0/106, E_0x5a60265ac0b0/107, E_0x5a60265ac0b0/108, E_0x5a60265ac0b0/109, E_0x5a60265ac0b0/110, E_0x5a60265ac0b0/111, E_0x5a60265ac0b0/112, E_0x5a60265ac0b0/113, E_0x5a60265ac0b0/114, E_0x5a60265ac0b0/115, E_0x5a60265ac0b0/116, E_0x5a60265ac0b0/117, E_0x5a60265ac0b0/118, E_0x5a60265ac0b0/119, E_0x5a60265ac0b0/120, E_0x5a60265ac0b0/121, E_0x5a60265ac0b0/122, E_0x5a60265ac0b0/123, E_0x5a60265ac0b0/124, E_0x5a60265ac0b0/125, E_0x5a60265ac0b0/126, E_0x5a60265ac0b0/127, E_0x5a60265ac0b0/128, E_0x5a60265ac0b0/129;
    .scope S_0x5a60265b2190;
T_0 ;
    %wait E_0x5a60265ac0b0;
    %load/vec4 v0x5a60265f3160_0;
    %pad/u 32;
    %pushi/vec4 0, 0, 32;
    %cmp/e;
    %flag_get/vec4 4;
    %load/vec4 v0x5a60265f30a0_0;
    %pad/u 32;
    %pushi/vec4 1, 0, 32;
    %cmp/e;
    %flag_get/vec4 4;
    %and;
    %flag_set/vec4 8;
    %jmp/0xz  T_0.0, 8;
    %load/vec4 v0x5a60265f3330_0;
    %dup/vec4;
    %pushi/vec4 0, 0, 2;
    %cmp/u;
    %jmp/1 T_0.2, 6;
    %dup/vec4;
    %pushi/vec4 1, 0, 2;
    %cmp/u;
    %jmp/1 T_0.3, 6;
    %load/vec4 v0x5a6026573ba0_0;
    %pad/u 33;
    %addi 3, 0, 33;
    %ix/vec4 4;
    %load/vec4a v0x5a60265f34d0, 4;
    %load/vec4 v0x5a6026573ba0_0;
    %pad/u 33;
    %addi 2, 0, 33;
    %ix/vec4 4;
    %load/vec4a v0x5a60265f34d0, 4;
    %concat/vec4; draw_concat_vec4
    %load/vec4 v0x5a6026573ba0_0;
    %pad/u 33;
    %addi 1, 0, 33;
    %ix/vec4 4;
    %load/vec4a v0x5a60265f34d0, 4;
    %concat/vec4; draw_concat_vec4
    %load/vec4 v0x5a6026573ba0_0;
    %pad/u 11;
    %ix/vec4 4;
    %load/vec4a v0x5a60265f34d0, 4;
    %concat/vec4; draw_concat_vec4
    %store/vec4 v0x5a60265f2fe0_0, 0, 32;
    %jmp T_0.5;
T_0.2 ;
    %load/vec4 v0x5a60265f3270_0;
    %flag_set/vec4 8;
    %jmp/0 T_0.6, 8;
    %load/vec4 v0x5a6026573ba0_0;
    %pad/u 11;
    %ix/vec4 4;
    %load/vec4a v0x5a60265f34d0, 4;
    %parti/s 1, 7, 4;
    %replicate 24;
    %load/vec4 v0x5a6026573ba0_0;
    %pad/u 11;
    %ix/vec4 4;
    %load/vec4a v0x5a60265f34d0, 4;
    %concat/vec4; draw_concat_vec4
    %jmp/1 T_0.7, 8;
T_0.6 ; End of true expr.
    %pushi/vec4 0, 0, 24;
    %load/vec4 v0x5a6026573ba0_0;
    %pad/u 11;
    %ix/vec4 4;
    %load/vec4a v0x5a60265f34d0, 4;
    %concat/vec4; draw_concat_vec4
    %jmp/0 T_0.7, 8;
 ; End of false expr.
    %blend;
T_0.7;
    %store/vec4 v0x5a60265f2fe0_0, 0, 32;
    %jmp T_0.5;
T_0.3 ;
    %load/vec4 v0x5a60265f3270_0;
    %flag_set/vec4 8;
    %jmp/0 T_0.8, 8;
    %load/vec4 v0x5a6026573ba0_0;
    %pad/u 33;
    %addi 1, 0, 33;
    %ix/vec4 4;
    %load/vec4a v0x5a60265f34d0, 4;
    %parti/s 1, 7, 4;
    %replicate 16;
    %load/vec4 v0x5a6026573ba0_0;
    %pad/u 33;
    %addi 1, 0, 33;
    %ix/vec4 4;
    %load/vec4a v0x5a60265f34d0, 4;
    %concat/vec4; draw_concat_vec4
    %load/vec4 v0x5a6026573ba0_0;
    %pad/u 11;
    %ix/vec4 4;
    %load/vec4a v0x5a60265f34d0, 4;
    %concat/vec4; draw_concat_vec4
    %jmp/1 T_0.9, 8;
T_0.8 ; End of true expr.
    %pushi/vec4 0, 0, 16;
    %load/vec4 v0x5a6026573ba0_0;
    %pad/u 33;
    %addi 1, 0, 33;
    %ix/vec4 4;
    %load/vec4a v0x5a60265f34d0, 4;
    %concat/vec4; draw_concat_vec4
    %load/vec4 v0x5a6026573ba0_0;
    %pad/u 11;
    %ix/vec4 4;
    %load/vec4a v0x5a60265f34d0, 4;
    %concat/vec4; draw_concat_vec4
    %jmp/0 T_0.9, 8;
 ; End of false expr.
    %blend;
T_0.9;
    %store/vec4 v0x5a60265f2fe0_0, 0, 32;
    %jmp T_0.5;
T_0.5 ;
    %pop/vec4 1;
    %jmp T_0.1;
T_0.0 ;
    %pushi/vec4 4294967295, 4294967295, 32;
    %store/vec4 v0x5a60265f2fe0_0, 0, 32;
T_0.1 ;
    %jmp T_0;
    .thread T_0, $push;
    .scope S_0x5a60265b2190;
T_1 ;
    %wait E_0x5a60265722d0;
    %load/vec4 v0x5a60265f3160_0;
    %pad/u 32;
    %pushi/vec4 1, 0, 32;
    %cmp/e;
    %flag_get/vec4 4;
    %load/vec4 v0x5a60265f30a0_0;
    %pad/u 32;
    %pushi/vec4 1, 0, 32;
    %cmp/e;
    %flag_get/vec4 4;
    %and;
    %flag_set/vec4 8;
    %jmp/0xz  T_1.0, 8;
    %load/vec4 v0x5a60265f3330_0;
    %dup/vec4;
    %pushi/vec4 0, 0, 2;
    %cmp/u;
    %jmp/1 T_1.2, 6;
    %dup/vec4;
    %pushi/vec4 1, 0, 2;
    %cmp/u;
    %jmp/1 T_1.3, 6;
    %dup/vec4;
    %pushi/vec4 2, 0, 2;
    %cmp/u;
    %jmp/1 T_1.4, 6;
    %jmp T_1.6;
T_1.2 ;
    %load/vec4 v0x5a60265f2f00_0;
    %parti/s 8, 0, 2;
    %load/vec4 v0x5a6026573ba0_0;
    %pad/u 11;
    %ix/vec4 3;
    %ix/load 4, 0, 0; Constant delay
    %assign/vec4/a/d v0x5a60265f34d0, 0, 4;
    %jmp T_1.6;
T_1.3 ;
    %load/vec4 v0x5a60265f2f00_0;
    %parti/s 16, 0, 2;
    %split/vec4 8;
    %load/vec4 v0x5a6026573ba0_0;
    %pad/u 11;
    %ix/vec4 3;
    %ix/load 4, 0, 0; Constant delay
    %assign/vec4/a/d v0x5a60265f34d0, 0, 4;
    %load/vec4 v0x5a6026573ba0_0;
    %pad/u 33;
    %addi 1, 0, 33;
    %ix/vec4 3;
    %ix/load 4, 0, 0; Constant delay
    %assign/vec4/a/d v0x5a60265f34d0, 0, 4;
    %jmp T_1.6;
T_1.4 ;
    %load/vec4 v0x5a60265f2f00_0;
    %split/vec4 8;
    %load/vec4 v0x5a6026573ba0_0;
    %pad/u 11;
    %ix/vec4 3;
    %ix/load 4, 0, 0; Constant delay
    %assign/vec4/a/d v0x5a60265f34d0, 0, 4;
    %split/vec4 8;
    %load/vec4 v0x5a6026573ba0_0;
    %pad/u 33;
    %addi 1, 0, 33;
    %ix/vec4 3;
    %ix/load 4, 0, 0; Constant delay
    %assign/vec4/a/d v0x5a60265f34d0, 0, 4;
    %split/vec4 8;
    %load/vec4 v0x5a6026573ba0_0;
    %pad/u 33;
    %addi 2, 0, 33;
    %ix/vec4 3;
    %ix/load 4, 0, 0; Constant delay
    %assign/vec4/a/d v0x5a60265f34d0, 0, 4;
    %load/vec4 v0x5a6026573ba0_0;
    %pad/u 33;
    %addi 3, 0, 33;
    %ix/vec4 3;
    %ix/load 4, 0, 0; Constant delay
    %assign/vec4/a/d v0x5a60265f34d0, 0, 4;
    %jmp T_1.6;
T_1.6 ;
    %pop/vec4 1;
T_1.0 ;
    %jmp T_1;
    .thread T_1;
    .scope S_0x5a60265b2190;
T_2 ;
    %vpi_call 2 42 "$readmemh", "data.txt", v0x5a60265f34d0 {0 0 0};
    %end;
    .thread T_2;
    .scope S_0x5a60265d1880;
T_3 ;
    %pushi/vec4 0, 0, 1;
    %store/vec4 v0x5a60265f8c60_0, 0, 1;
    %delay 5, 0;
    %pushi/vec4 1, 0, 1;
    %store/vec4 v0x5a60265f8c60_0, 0, 1;
    %delay 5, 0;
    %jmp T_3;
    .thread T_3;
    .scope S_0x5a60265d1880;
T_4 ;
    %vpi_call 2 80 "$display", "Read word from locations 0, 4, 8, 12:" {0 0 0};
    %vpi_call 2 81 "$display", "Address  Data       Size  R/W  E  SE" {0 0 0};
    %vpi_call 2 82 "$display", "------------------------------------" {0 0 0};
    %pushi/vec4 0, 0, 1;
    %store/vec4 v0x5a60265f8a20_0, 0, 1;
    %pushi/vec4 1, 0, 1;
    %store/vec4 v0x5a60265f8950_0, 0, 1;
    %pushi/vec4 2, 0, 2;
    %store/vec4 v0x5a60265f8b90_0, 0, 2;
    %pushi/vec4 0, 0, 1;
    %store/vec4 v0x5a60265f8ac0_0, 0, 1;
    %pushi/vec4 0, 0, 9;
    %store/vec4 v0x5a60265f86a0_0, 0, 9;
    %delay 10, 0;
    %vpi_call 2 87 "$display", "   %2d    0x%h   %b    %b   %b  %b", v0x5a60265f86a0_0, v0x5a60265f8850_0, v0x5a60265f8b90_0, v0x5a60265f8a20_0, v0x5a60265f8950_0, v0x5a60265f8ac0_0 {0 0 0};
    %pushi/vec4 4, 0, 9;
    %store/vec4 v0x5a60265f86a0_0, 0, 9;
    %delay 10, 0;
    %vpi_call 2 89 "$display", "   %2d    0x%h   %b    %b   %b  %b", v0x5a60265f86a0_0, v0x5a60265f8850_0, v0x5a60265f8b90_0, v0x5a60265f8a20_0, v0x5a60265f8950_0, v0x5a60265f8ac0_0 {0 0 0};
    %pushi/vec4 8, 0, 9;
    %store/vec4 v0x5a60265f86a0_0, 0, 9;
    %delay 10, 0;
    %vpi_call 2 91 "$display", "   %2d    0x%h   %b    %b   %b  %b", v0x5a60265f86a0_0, v0x5a60265f8850_0, v0x5a60265f8b90_0, v0x5a60265f8a20_0, v0x5a60265f8950_0, v0x5a60265f8ac0_0 {0 0 0};
    %pushi/vec4 12, 0, 9;
    %store/vec4 v0x5a60265f86a0_0, 0, 9;
    %delay 10, 0;
    %vpi_call 2 93 "$display", "   %2d    0x%h   %b    %b   %b  %b", v0x5a60265f86a0_0, v0x5a60265f8850_0, v0x5a60265f8b90_0, v0x5a60265f8a20_0, v0x5a60265f8950_0, v0x5a60265f8ac0_0 {0 0 0};
    %vpi_call 2 95 "$display", "\012Read unsigned byte and halfwords:" {0 0 0};
    %vpi_call 2 96 "$display", "Address  Data       Size  R/W  E  SE" {0 0 0};
    %vpi_call 2 97 "$display", "------------------------------------" {0 0 0};
    %pushi/vec4 0, 0, 2;
    %store/vec4 v0x5a60265f8b90_0, 0, 2;
    %pushi/vec4 0, 0, 9;
    %store/vec4 v0x5a60265f86a0_0, 0, 9;
    %delay 10, 0;
    %vpi_call 2 101 "$display", "   %2d    0x%h   %b    %b   %b  %b", v0x5a60265f86a0_0, v0x5a60265f8850_0, v0x5a60265f8b90_0, v0x5a60265f8a20_0, v0x5a60265f8950_0, v0x5a60265f8ac0_0 {0 0 0};
    %pushi/vec4 1, 0, 2;
    %store/vec4 v0x5a60265f8b90_0, 0, 2;
    %pushi/vec4 2, 0, 9;
    %store/vec4 v0x5a60265f86a0_0, 0, 9;
    %delay 10, 0;
    %vpi_call 2 103 "$display", "   %2d    0x%h   %b    %b   %b  %b", v0x5a60265f86a0_0, v0x5a60265f8850_0, v0x5a60265f8b90_0, v0x5a60265f8a20_0, v0x5a60265f8950_0, v0x5a60265f8ac0_0 {0 0 0};
    %pushi/vec4 4, 0, 9;
    %store/vec4 v0x5a60265f86a0_0, 0, 9;
    %delay 10, 0;
    %vpi_call 2 105 "$display", "   %2d    0x%h   %b    %b   %b  %b", v0x5a60265f86a0_0, v0x5a60265f8850_0, v0x5a60265f8b90_0, v0x5a60265f8a20_0, v0x5a60265f8950_0, v0x5a60265f8ac0_0 {0 0 0};
    %vpi_call 2 107 "$display", "\012Read signed byte and halfwords:" {0 0 0};
    %vpi_call 2 108 "$display", "Address  Data       Size  R/W  E  SE" {0 0 0};
    %vpi_call 2 109 "$display", "------------------------------------" {0 0 0};
    %pushi/vec4 1, 0, 1;
    %store/vec4 v0x5a60265f8ac0_0, 0, 1;
    %pushi/vec4 0, 0, 2;
    %store/vec4 v0x5a60265f8b90_0, 0, 2;
    %pushi/vec4 0, 0, 9;
    %store/vec4 v0x5a60265f86a0_0, 0, 9;
    %delay 10, 0;
    %vpi_call 2 114 "$display", "   %2d    0x%h   %b    %b   %b  %b", v0x5a60265f86a0_0, v0x5a60265f8850_0, v0x5a60265f8b90_0, v0x5a60265f8a20_0, v0x5a60265f8950_0, v0x5a60265f8ac0_0 {0 0 0};
    %pushi/vec4 1, 0, 2;
    %store/vec4 v0x5a60265f8b90_0, 0, 2;
    %pushi/vec4 2, 0, 9;
    %store/vec4 v0x5a60265f86a0_0, 0, 9;
    %delay 10, 0;
    %vpi_call 2 116 "$display", "   %2d    0x%h   %b    %b   %b  %b", v0x5a60265f86a0_0, v0x5a60265f8850_0, v0x5a60265f8b90_0, v0x5a60265f8a20_0, v0x5a60265f8950_0, v0x5a60265f8ac0_0 {0 0 0};
    %pushi/vec4 4, 0, 9;
    %store/vec4 v0x5a60265f86a0_0, 0, 9;
    %delay 10, 0;
    %vpi_call 2 118 "$display", "   %2d    0x%h   %b    %b   %b  %b", v0x5a60265f86a0_0, v0x5a60265f8850_0, v0x5a60265f8b90_0, v0x5a60265f8a20_0, v0x5a60265f8950_0, v0x5a60265f8ac0_0 {0 0 0};
    %vpi_call 2 120 "$display", "\012Write byte, halfwords, and word:" {0 0 0};
    %vpi_call 2 121 "$display", "Address  Data" {0 0 0};
    %vpi_call 2 122 "$display", "------------" {0 0 0};
    %pushi/vec4 1, 0, 1;
    %store/vec4 v0x5a60265f8a20_0, 0, 1;
    %pushi/vec4 0, 0, 1;
    %store/vec4 v0x5a60265f8ac0_0, 0, 1;
    %pushi/vec4 0, 0, 2;
    %store/vec4 v0x5a60265f8b90_0, 0, 2;
    %pushi/vec4 0, 0, 9;
    %store/vec4 v0x5a60265f86a0_0, 0, 9;
    %pushi/vec4 166, 0, 32;
    %store/vec4 v0x5a60265f8780_0, 0, 32;
    %delay 10, 0;
    %vpi_call 2 127 "$display", "   %2d    0x%h", v0x5a60265f86a0_0, v0x5a60265f8780_0 {0 0 0};
    %pushi/vec4 1, 0, 2;
    %store/vec4 v0x5a60265f8b90_0, 0, 2;
    %pushi/vec4 2, 0, 9;
    %store/vec4 v0x5a60265f86a0_0, 0, 9;
    %pushi/vec4 48093, 0, 32;
    %store/vec4 v0x5a60265f8780_0, 0, 32;
    %delay 10, 0;
    %vpi_call 2 129 "$display", "   %2d    0x%h", v0x5a60265f86a0_0, v0x5a60265f8780_0 {0 0 0};
    %pushi/vec4 4, 0, 9;
    %store/vec4 v0x5a60265f86a0_0, 0, 9;
    %pushi/vec4 21529, 0, 32;
    %store/vec4 v0x5a60265f8780_0, 0, 32;
    %delay 10, 0;
    %vpi_call 2 131 "$display", "   %2d    0x%h", v0x5a60265f86a0_0, v0x5a60265f8780_0 {0 0 0};
    %pushi/vec4 2, 0, 2;
    %store/vec4 v0x5a60265f8b90_0, 0, 2;
    %pushi/vec4 8, 0, 9;
    %store/vec4 v0x5a60265f86a0_0, 0, 9;
    %pushi/vec4 2882400001, 0, 32;
    %store/vec4 v0x5a60265f8780_0, 0, 32;
    %delay 10, 0;
    %vpi_call 2 133 "$display", "   %2d    0x%h", v0x5a60265f86a0_0, v0x5a60265f8780_0 {0 0 0};
    %vpi_call 2 135 "$display", "\012Read word from locations 0, 4, 8 after writing:" {0 0 0};
    %vpi_call 2 136 "$display", "Address  Data       Size  R/W  E  SE" {0 0 0};
    %vpi_call 2 137 "$display", "------------------------------------" {0 0 0};
    %pushi/vec4 0, 0, 1;
    %store/vec4 v0x5a60265f8a20_0, 0, 1;
    %pushi/vec4 2, 0, 2;
    %store/vec4 v0x5a60265f8b90_0, 0, 2;
    %pushi/vec4 0, 0, 9;
    %store/vec4 v0x5a60265f86a0_0, 0, 9;
    %delay 10, 0;
    %vpi_call 2 142 "$display", "   %2d    0x%h   %b    %b   %b  %b", v0x5a60265f86a0_0, v0x5a60265f8850_0, v0x5a60265f8b90_0, v0x5a60265f8a20_0, v0x5a60265f8950_0, v0x5a60265f8ac0_0 {0 0 0};
    %pushi/vec4 4, 0, 9;
    %store/vec4 v0x5a60265f86a0_0, 0, 9;
    %delay 10, 0;
    %vpi_call 2 144 "$display", "   %2d    0x%h   %b    %b   %b  %b", v0x5a60265f86a0_0, v0x5a60265f8850_0, v0x5a60265f8b90_0, v0x5a60265f8a20_0, v0x5a60265f8950_0, v0x5a60265f8ac0_0 {0 0 0};
    %pushi/vec4 8, 0, 9;
    %store/vec4 v0x5a60265f86a0_0, 0, 9;
    %delay 10, 0;
    %vpi_call 2 146 "$display", "   %2d    0x%h   %b    %b   %b  %b", v0x5a60265f86a0_0, v0x5a60265f8850_0, v0x5a60265f8b90_0, v0x5a60265f8a20_0, v0x5a60265f8950_0, v0x5a60265f8ac0_0 {0 0 0};
    %vpi_call 2 148 "$finish" {0 0 0};
    %end;
    .thread T_4;
# The file index is used to find the file name in the following table.
:file_names 3;
    "N/A";
    "<interactive>";
    "PF1_Casiano_Rosado_Francisco_ram.v";
