#! /usr/bin/vvp
:ivl_version "11.0 (stable)";
:ivl_delay_selection "TYPICAL";
:vpi_time_precision + 0;
:vpi_module "/usr/lib/x86_64-linux-gnu/ivl/system.vpi";
:vpi_module "/usr/lib/x86_64-linux-gnu/ivl/vhdl_sys.vpi";
:vpi_module "/usr/lib/x86_64-linux-gnu/ivl/vhdl_textio.vpi";
:vpi_module "/usr/lib/x86_64-linux-gnu/ivl/v2005_math.vpi";
:vpi_module "/usr/lib/x86_64-linux-gnu/ivl/va_math.vpi";
S_0x5ff5f4310e10 .scope module, "ALU" "ALU" 2 19;
 .timescale 0 0;
    .port_info 0 /INPUT 32 "A";
    .port_info 1 /INPUT 32 "B";
    .port_info 2 /INPUT 3 "op";
    .port_info 3 /OUTPUT 32 "Out";
    .port_info 4 /OUTPUT 1 "Z";
    .port_info 5 /OUTPUT 1 "N";
    .port_info 6 /OUTPUT 1 "C";
    .port_info 7 /OUTPUT 1 "V";
o0x78c88903e018 .functor BUFZ 32, C4<zzzzzzzzzzzzzzzzzzzzzzzzzzzzzzzz>; HiZ drive
v0x5ff5f4311090_0 .net "A", 31 0, o0x78c88903e018;  0 drivers
o0x78c88903e048 .functor BUFZ 32, C4<zzzzzzzzzzzzzzzzzzzzzzzzzzzzzzzz>; HiZ drive
v0x5ff5f435f590_0 .net "B", 31 0, o0x78c88903e048;  0 drivers
v0x5ff5f435f670_0 .var "C", 0 0;
v0x5ff5f435f710_0 .var "N", 0 0;
v0x5ff5f435f7d0_0 .var "Out", 31 0;
v0x5ff5f435f900_0 .var "V", 0 0;
v0x5ff5f435f9c0_0 .var "Z", 0 0;
o0x78c88903e168 .functor BUFZ 3, C4<zzz>; HiZ drive
v0x5ff5f435fa80_0 .net "op", 2 0, o0x78c88903e168;  0 drivers
E_0x5ff5f434a4c0 .event edge, v0x5ff5f435fa80_0, v0x5ff5f435f590_0, v0x5ff5f4311090_0;
    .scope S_0x5ff5f4310e10;
T_0 ;
    %wait E_0x5ff5f434a4c0;
    %load/vec4 v0x5ff5f435fa80_0;
    %dup/vec4;
    %pushi/vec4 0, 0, 3;
    %cmp/u;
    %jmp/1 T_0.0, 6;
    %dup/vec4;
    %pushi/vec4 1, 0, 3;
    %cmp/u;
    %jmp/1 T_0.1, 6;
    %pushi/vec4 0, 0, 32;
    %store/vec4 v0x5ff5f435f7d0_0, 0, 32;
    %pushi/vec4 0, 0, 1;
    %store/vec4 v0x5ff5f435f9c0_0, 0, 1;
    %pushi/vec4 0, 0, 1;
    %store/vec4 v0x5ff5f435f710_0, 0, 1;
    %pushi/vec4 0, 0, 1;
    %store/vec4 v0x5ff5f435f670_0, 0, 1;
    %pushi/vec4 0, 0, 1;
    %store/vec4 v0x5ff5f435f900_0, 0, 1;
    %jmp T_0.3;
T_0.0 ;
    %load/vec4 v0x5ff5f4311090_0;
    %load/vec4 v0x5ff5f435f590_0;
    %add;
    %store/vec4 v0x5ff5f435f7d0_0, 0, 32;
    %load/vec4 v0x5ff5f435f7d0_0;
    %pushi/vec4 0, 0, 32;
    %cmp/e;
    %flag_get/vec4 4;
    %store/vec4 v0x5ff5f435f9c0_0, 0, 1;
    %load/vec4 v0x5ff5f435f7d0_0;
    %parti/s 1, 31, 6;
    %store/vec4 v0x5ff5f435f710_0, 0, 1;
    %load/vec4 v0x5ff5f435f7d0_0;
    %load/vec4 v0x5ff5f4311090_0;
    %cmp/u;
    %flag_get/vec4 5;
    %load/vec4 v0x5ff5f435f7d0_0;
    %load/vec4 v0x5ff5f435f590_0;
    %cmp/u;
    %flag_get/vec4 5;
    %or;
    %store/vec4 v0x5ff5f435f670_0, 0, 1;
    %load/vec4 v0x5ff5f4311090_0;
    %parti/s 1, 31, 6;
    %load/vec4 v0x5ff5f435f590_0;
    %parti/s 1, 31, 6;
    %xor;
    %load/vec4 v0x5ff5f4311090_0;
    %parti/s 1, 31, 6;
    %load/vec4 v0x5ff5f435f7d0_0;
    %parti/s 1, 31, 6;
    %xor;
    %and;
    %inv;
    %store/vec4 v0x5ff5f435f900_0, 0, 1;
    %jmp T_0.3;
T_0.1 ;
    %load/vec4 v0x5ff5f4311090_0;
    %load/vec4 v0x5ff5f435f590_0;
    %sub;
    %store/vec4 v0x5ff5f435f7d0_0, 0, 32;
    %load/vec4 v0x5ff5f435f7d0_0;
    %pushi/vec4 0, 0, 32;
    %cmp/e;
    %flag_get/vec4 4;
    %store/vec4 v0x5ff5f435f9c0_0, 0, 1;
    %load/vec4 v0x5ff5f435f7d0_0;
    %parti/s 1, 31, 6;
    %store/vec4 v0x5ff5f435f710_0, 0, 1;
    %load/vec4 v0x5ff5f4311090_0;
    %load/vec4 v0x5ff5f435f590_0;
    %cmp/u;
    %flag_get/vec4 5;
    %store/vec4 v0x5ff5f435f670_0, 0, 1;
    %load/vec4 v0x5ff5f4311090_0;
    %parti/s 1, 31, 6;
    %load/vec4 v0x5ff5f435f590_0;
    %parti/s 1, 31, 6;
    %xor;
    %load/vec4 v0x5ff5f4311090_0;
    %parti/s 1, 31, 6;
    %load/vec4 v0x5ff5f435f7d0_0;
    %parti/s 1, 31, 6;
    %xor;
    %and;
    %store/vec4 v0x5ff5f435f900_0, 0, 1;
    %jmp T_0.3;
T_0.3 ;
    %pop/vec4 1;
    %jmp T_0;
    .thread T_0, $push;
# The file index is used to find the file name in the following table.
:file_names 3;
    "N/A";
    "<interactive>";
    "PF1_Casiano_Rosado_Francisco_alu.v";
