#! /usr/bin/vvp
:ivl_version "11.0 (stable)";
:ivl_delay_selection "TYPICAL";
:vpi_time_precision + 0;
:vpi_module "/usr/lib/x86_64-linux-gnu/ivl/system.vpi";
:vpi_module "/usr/lib/x86_64-linux-gnu/ivl/vhdl_sys.vpi";
:vpi_module "/usr/lib/x86_64-linux-gnu/ivl/vhdl_textio.vpi";
:vpi_module "/usr/lib/x86_64-linux-gnu/ivl/v2005_math.vpi";
:vpi_module "/usr/lib/x86_64-linux-gnu/ivl/va_math.vpi";
S_0x59805f6435f0 .scope module, "register_file_tb" "register_file_tb" 2 30;
 .timescale 0 0;
v0x59805f65c540_0 .var "LE", 0 0;
v0x59805f65c600_0 .net "PA", 31 0, L_0x59805f65ce10;  1 drivers
v0x59805f65c6a0_0 .net "PB", 31 0, L_0x59805f65d180;  1 drivers
v0x59805f65c7a0_0 .var "PW", 31 0;
v0x59805f65c870_0 .var "RA", 4 0;
v0x59805f65c910_0 .var "RB", 4 0;
v0x59805f65c9e0_0 .var "RW", 4 0;
v0x59805f65cab0_0 .var "clk", 0 0;
S_0x59805f643780 .scope module, "dut" "register_file" 2 38, 2 2 0, S_0x59805f6435f0;
 .timescale 0 0;
    .port_info 0 /INPUT 1 "clk";
    .port_info 1 /INPUT 5 "RA";
    .port_info 2 /INPUT 5 "RB";
    .port_info 3 /INPUT 5 "RW";
    .port_info 4 /INPUT 32 "PW";
    .port_info 5 /INPUT 1 "LE";
    .port_info 6 /OUTPUT 32 "PA";
    .port_info 7 /OUTPUT 32 "PB";
L_0x59805f65ce10 .functor BUFZ 32, L_0x59805f65cb80, C4<00000000000000000000000000000000>, C4<00000000000000000000000000000000>, C4<00000000000000000000000000000000>;
L_0x59805f65d180 .functor BUFZ 32, L_0x59805f65cf20, C4<00000000000000000000000000000000>, C4<00000000000000000000000000000000>, C4<00000000000000000000000000000000>;
v0x59805f607dc0_0 .net "LE", 0 0, v0x59805f65c540_0;  1 drivers
v0x59805f65b810_0 .net "PA", 31 0, L_0x59805f65ce10;  alias, 1 drivers
v0x59805f65b8f0_0 .net "PB", 31 0, L_0x59805f65d180;  alias, 1 drivers
v0x59805f65b9b0_0 .net "PW", 31 0, v0x59805f65c7a0_0;  1 drivers
v0x59805f65ba90_0 .net "RA", 4 0, v0x59805f65c870_0;  1 drivers
v0x59805f65bbc0_0 .net "RB", 4 0, v0x59805f65c910_0;  1 drivers
v0x59805f65bca0_0 .net "RW", 4 0, v0x59805f65c9e0_0;  1 drivers
v0x59805f65bd80_0 .net *"_ivl_0", 31 0, L_0x59805f65cb80;  1 drivers
v0x59805f65be60_0 .net *"_ivl_10", 6 0, L_0x59805f65cfc0;  1 drivers
L_0x79f9c782d060 .functor BUFT 1, C4<00>, C4<0>, C4<0>, C4<0>;
v0x59805f65bf40_0 .net *"_ivl_13", 1 0, L_0x79f9c782d060;  1 drivers
v0x59805f65c020_0 .net *"_ivl_2", 6 0, L_0x59805f65cc80;  1 drivers
L_0x79f9c782d018 .functor BUFT 1, C4<00>, C4<0>, C4<0>, C4<0>;
v0x59805f65c100_0 .net *"_ivl_5", 1 0, L_0x79f9c782d018;  1 drivers
v0x59805f65c1e0_0 .net *"_ivl_8", 31 0, L_0x59805f65cf20;  1 drivers
v0x59805f65c2c0_0 .net "clk", 0 0, v0x59805f65cab0_0;  1 drivers
v0x59805f65c380 .array "registers", 31 0, 31 0;
E_0x59805f608780 .event posedge, v0x59805f65c2c0_0;
L_0x59805f65cb80 .array/port v0x59805f65c380, L_0x59805f65cc80;
L_0x59805f65cc80 .concat [ 5 2 0 0], v0x59805f65c870_0, L_0x79f9c782d018;
L_0x59805f65cf20 .array/port v0x59805f65c380, L_0x59805f65cfc0;
L_0x59805f65cfc0 .concat [ 5 2 0 0], v0x59805f65c910_0, L_0x79f9c782d060;
    .scope S_0x59805f643780;
T_0 ;
    %wait E_0x59805f608780;
    %load/vec4 v0x59805f607dc0_0;
    %load/vec4 v0x59805f65bca0_0;
    %pushi/vec4 0, 0, 5;
    %cmp/ne;
    %flag_get/vec4 4;
    %and;
    %flag_set/vec4 8;
    %jmp/0xz  T_0.0, 8;
    %load/vec4 v0x59805f65b9b0_0;
    %load/vec4 v0x59805f65bca0_0;
    %pad/u 7;
    %ix/vec4 3;
    %ix/load 4, 0, 0; Constant delay
    %assign/vec4/a/d v0x59805f65c380, 0, 4;
T_0.0 ;
    %jmp T_0;
    .thread T_0;
    .scope S_0x59805f643780;
T_1 ;
    %pushi/vec4 0, 0, 32;
    %ix/load 4, 0, 0;
    %flag_set/imm 4, 0;
    %store/vec4a v0x59805f65c380, 4, 0;
    %end;
    .thread T_1;
    .scope S_0x59805f6435f0;
T_2 ;
    %pushi/vec4 0, 0, 1;
    %store/vec4 v0x59805f65cab0_0, 0, 1;
    %delay 2, 0;
    %pushi/vec4 1, 0, 1;
    %store/vec4 v0x59805f65cab0_0, 0, 1;
    %delay 2, 0;
    %jmp T_2;
    .thread T_2;
    .scope S_0x59805f6435f0;
T_3 ;
    %pushi/vec4 1, 0, 1;
    %store/vec4 v0x59805f65c540_0, 0, 1;
    %pushi/vec4 20, 0, 32;
    %store/vec4 v0x59805f65c7a0_0, 0, 32;
    %pushi/vec4 0, 0, 5;
    %store/vec4 v0x59805f65c9e0_0, 0, 5;
    %pushi/vec4 0, 0, 5;
    %store/vec4 v0x59805f65c870_0, 0, 5;
    %pushi/vec4 31, 0, 5;
    %store/vec4 v0x59805f65c910_0, 0, 5;
    %vpi_call 2 62 "$display", "RW  RA  RB  PW  PA  PB" {0 0 0};
    %vpi_call 2 63 "$display", "----------------------" {0 0 0};
    %pushi/vec4 32, 0, 32;
T_3.0 %dup/vec4;
    %pushi/vec4 0, 0, 32;
    %cmp/s;
    %jmp/1xz T_3.1, 5;
    %jmp/1 T_3.1, 4;
    %pushi/vec4 1, 0, 32;
    %sub;
    %delay 4, 0;
    %vpi_call 2 67 "$display", "%2d  %2d  %2d  %2d  %2d  %2d", v0x59805f65c9e0_0, v0x59805f65c870_0, v0x59805f65c910_0, v0x59805f65c7a0_0, v0x59805f65c600_0, v0x59805f65c6a0_0 {0 0 0};
    %load/vec4 v0x59805f65c7a0_0;
    %addi 1, 0, 32;
    %store/vec4 v0x59805f65c7a0_0, 0, 32;
    %load/vec4 v0x59805f65c9e0_0;
    %addi 1, 0, 5;
    %store/vec4 v0x59805f65c9e0_0, 0, 5;
    %load/vec4 v0x59805f65c870_0;
    %addi 1, 0, 5;
    %store/vec4 v0x59805f65c870_0, 0, 5;
    %load/vec4 v0x59805f65c910_0;
    %addi 1, 0, 5;
    %store/vec4 v0x59805f65c910_0, 0, 5;
    %jmp T_3.0;
T_3.1 ;
    %pop/vec4 1;
    %vpi_call 2 74 "$finish" {0 0 0};
    %end;
    .thread T_3;
# The file index is used to find the file name in the following table.
:file_names 3;
    "N/A";
    "<interactive>";
    "PF1_Casiano_Rosado_Francisco_reg.v";
